
  .   ____          _            __ _ _
 /\\ / ___'_ __ _ _(_)_ __  __ _ \ \ \ \
( ( )\___ | '_ | '_| | '_ \/ _` | \ \ \ \
 \\/  ___)| |_)| | | | | || (_| |  ) ) ) )
  '  |____| .__|_| |_|_| |_\__, | / / / /
 =========|_|==============|___/=/_/_/_/

 :: Spring Boot ::                (v3.3.1)

2026-05-14T13:01:38.147+08:00  INFO 12750 --- [           main] com.lgs.SpringbootApplication            : Starting SpringbootApplication v0.0.1-SNAPSHOT using Java 21.0.2 with PID 12750 (/home/ssms/springboot-0.0.1-SNAPSHOT.jar started by root in /home/ssms)
2026-05-14T13:01:38.150+08:00  INFO 12750 --- [           main] com.lgs.SpringbootApplication            : No active profile set, falling back to 1 default profile: "default"
2026-05-14T13:01:40.064+08:00  INFO 12750 --- [           main] o.s.b.w.embedded.tomcat.TomcatWebServer  : Tomcat initialized with port 9090 (http)
2026-05-14T13:01:40.082+08:00  INFO 12750 --- [           main] o.apache.catalina.core.StandardService   : Starting service [Tomcat]
2026-05-14T13:01:40.082+08:00  INFO 12750 --- [           main] o.apache.catalina.core.StandardEngine    : Starting Servlet engine: [Apache Tomcat/10.1.25]
2026-05-14T13:01:40.119+08:00  INFO 12750 --- [           main] o.a.c.c.C.[Tomcat].[localhost].[/api]    : Initializing Spring embedded WebApplicationContext
2026-05-14T13:01:40.120+08:00  INFO 12750 --- [           main] w.s.c.ServletWebServerApplicationContext : Root WebApplicationContext: initialization completed in 1764 ms
2026-05-14T13:01:40.287+08:00  INFO 12750 --- [           main] com.zaxxer.hikari.HikariDataSource       : HikariPool-1 - Starting...
2026-05-14T13:01:40.526+08:00  INFO 12750 --- [           main] com.zaxxer.hikari.pool.HikariPool        : HikariPool-1 - Added connection com.mysql.cj.jdbc.ConnectionImpl@73041b7d
2026-05-14T13:01:40.528+08:00  INFO 12750 --- [           main] com.zaxxer.hikari.HikariDataSource       : HikariPool-1 - Start completed.
Logging initialized using 'class org.apache.ibatis.logging.stdout.StdOutImpl' adapter.


,------.                           ,--.  ,--.         ,--.                         
|  .--. '  ,--,--.  ,---.   ,---.  |  '--'  |  ,---.  |  |  ,---.   ,---.  ,--.--. 
|  '--' | ' ,-.  | | .-. | | .-. : |  .--.  | | .-. : |  | | .-. | | .-. : |  .--' 
|  | --'  \ '-'  | ' '-' ' \   --. |  |  |  | \   --. |  | | '-' ' \   --. |  |    
`--'       `--`--' .`-  /   `----' `--'  `--'  `----' `--' |  |-'   `----' `--'    
                   `---'                                   `--'                        is intercepting.

2026-05-14T13:01:42.028+08:00  INFO 12750 --- [           main] o.s.b.w.embedded.tomcat.TomcatWebServer  : Tomcat started on port 9090 (http) with context path '/api'
2026-05-14T13:01:42.051+08:00  INFO 12750 --- [           main] com.lgs.SpringbootApplication            : Started SpringbootApplication in 4.552 seconds (process running for 5.213)

学生成绩管理系统
2026-05-14T13:01:56.940+08:00  INFO 12750 --- [nio-9090-exec-3] o.a.c.c.C.[Tomcat].[localhost].[/api]    : Initializing Spring DispatcherServlet 'dispatcherServlet'
2026-05-14T13:01:56.941+08:00  INFO 12750 --- [nio-9090-exec-3] o.s.web.servlet.DispatcherServlet        : Initializing Servlet 'dispatcherServlet'
2026-05-14T13:01:56.942+08:00  INFO 12750 --- [nio-9090-exec-3] o.s.web.servlet.DispatcherServlet        : Completed initialization in 1 ms
Creating a new SqlSession
SqlSession [org.apache.ibatis.session.defaults.DefaultSqlSession@7755387d] was not registered for synchronization because synchronization is not active
JDBC Connection [HikariProxyConnection@1332557347 wrapping com.mysql.cj.jdbc.ConnectionImpl@73041b7d] will not be managed by Spring
==>  Preparing: select * from admin where username = ?
==> Parameters: admin(String)
<==    Columns: id, username, password, name, avatar, role
<==        Row: 1, admin, $2a$10$NphP06yi6MQGepjf8vT2RuPVl3uYpJwbtHq18VGDnY4p3x4Vs1fs., 管理员, http://116.62.162.156/api/files/download/1778637838755-0c6161536699d0b541430a88be9da3.jpg, ADMIN
<==      Total: 1
Closing non transactional SqlSession [org.apache.ibatis.session.defaults.DefaultSqlSession@7755387d]
Creating a new SqlSession
SqlSession [org.apache.ibatis.session.defaults.DefaultSqlSession@44ffe333] was not registered for synchronization because synchronization is not active
JDBC Connection [HikariProxyConnection@1145887850 wrapping com.mysql.cj.jdbc.ConnectionImpl@73041b7d] will not be managed by Spring
==>  Preparing: insert into activity_log (operate_time, operate_type, operate_user, description, user_type) values (?, ?, ?, ?, ?)
==> Parameters: 2026-05-14T13:02:03.590471421(LocalDateTime), 登录(String), admin(String), 管理员 admin 登录系统(String), ADMIN(String)
<==    Updates: 1
Closing non transactional SqlSession [org.apache.ibatis.session.defaults.DefaultSqlSession@44ffe333]
Creating a new SqlSession
SqlSession [org.apache.ibatis.session.defaults.DefaultSqlSession@6dafbc9] was not registered for synchronization because synchronization is not active
JDBC Connection [HikariProxyConnection@937270526 wrapping com.mysql.cj.jdbc.ConnectionImpl@73041b7d] will not be managed by Spring
==>  Preparing: select count(*) from student
==> Parameters: 
Creating a new SqlSession
SqlSession [org.apache.ibatis.session.defaults.DefaultSqlSession@7035134b] was not registered for synchronization because synchronization is not active
Creating a new SqlSession
SqlSession [org.apache.ibatis.session.defaults.DefaultSqlSession@5371d731] was not registered for synchronization because synchronization is not active
JDBC Connection [HikariProxyConnection@1602233834 wrapping com.mysql.cj.jdbc.ConnectionImpl@539eac8b] will not be managed by Spring
==>  Preparing: select * from activity_log order by operate_time desc limit ?
<==    Columns: count(*)
<==        Row: 23
<==      Total: 1
Closing non transactional SqlSession [org.apache.ibatis.session.defaults.DefaultSqlSession@6dafbc9]
Creating a new SqlSession
SqlSession [org.apache.ibatis.session.defaults.DefaultSqlSession@129bc6da] was not registered for synchronization because synchronization is not active
JDBC Connection [HikariProxyConnection@1241158171 wrapping com.mysql.cj.jdbc.ConnectionImpl@73041b7d] will not be managed by Spring
==>  Preparing: select count(*) from teacher
==> Parameters: 
==> Parameters: 10(Integer)
Creating a new SqlSession
SqlSession [org.apache.ibatis.session.defaults.DefaultSqlSession@31d4af34] was not registered for synchronization because synchronization is not active
JDBC Connection [HikariProxyConnection@740183087 wrapping com.mysql.cj.jdbc.ConnectionImpl@2766ca1] will not be managed by Spring
==>  Preparing: SELECT * FROM system_config WHERE config_key = ?
==> Parameters: course_selection_enabled(String)
<==    Columns: id, config_key, config_value, description
<==        Row: 1, course_selection_enabled, true, 选课功能开关：true-开启，false-关闭
<==      Total: 1
Closing non transactional SqlSession [org.apache.ibatis.session.defaults.DefaultSqlSession@5371d731]
JDBC Connection [HikariProxyConnection@1058232190 wrapping com.mysql.cj.jdbc.ConnectionImpl@3b2cc444] will not be managed by Spring
==>  Preparing: SELECT * FROM system_config WHERE config_key = ?
==> Parameters: teacher_score_entry_enabled(String)
<==    Columns: id, config_key, config_value, description
<==    Columns: id, operate_time, operate_type, operate_user, description, user_type
<==        Row: 2, teacher_score_entry_enabled, true, 教师录入成绩开关：true-开启，false-关闭
<==      Total: 1
Closing non transactional SqlSession [org.apache.ibatis.session.defaults.DefaultSqlSession@31d4af34]
<==        Row: 230, 2026-05-14 13:02:04, 登录, admin, 管理员 admin 登录系统, ADMIN
<==        Row: 229, 2026-05-14 12:42:36, 登录, admin, 管理员 admin 登录系统, ADMIN
<==        Row: 228, 2026-05-14 12:41:35, 登录, admin, 管理员 admin 登录系统, ADMIN
<==        Row: 227, 2026-05-14 12:40:38, 登录, admin, 管理员 admin 登录系统, ADMIN
<==        Row: 226, 2026-05-14 12:39:56, 登录, admin, 管理员 admin 登录系统, ADMIN
<==        Row: 225, 2026-05-14 12:21:45, 登录, admin, 管理员 admin 登录系统, ADMIN
<==        Row: 224, 2026-05-13 17:47:38, 登录, admin, 管理员 admin 登录系统, ADMIN
<==        Row: 223, 2026-05-13 16:25:03, 成绩, admin, 修改学生课程成绩, ADMIN
<==        Row: 222, 2026-05-13 16:24:42, 登录, T2024008, 教师 T2024008 登录系统, TEACHER
<==        Row: 221, 2026-05-13 15:58:55, 退课, admin, 批准退课申请, ADMIN
<==      Total: 10
Closing non transactional SqlSession [org.apache.ibatis.session.defaults.DefaultSqlSession@7035134b]
<==    Columns: count(*)
<==        Row: 21
<==      Total: 1
Closing non transactional SqlSession [org.apache.ibatis.session.defaults.DefaultSqlSession@129bc6da]
Creating a new SqlSession
SqlSession [org.apache.ibatis.session.defaults.DefaultSqlSession@36de4e6] was not registered for synchronization because synchronization is not active
JDBC Connection [HikariProxyConnection@1326210887 wrapping com.mysql.cj.jdbc.ConnectionImpl@73041b7d] will not be managed by Spring
==>  Preparing: select count(*) from course
==> Parameters: 
Creating a new SqlSession
SqlSession [org.apache.ibatis.session.defaults.DefaultSqlSession@6f9b7b7b] was not registered for synchronization because synchronization is not active
JDBC Connection [HikariProxyConnection@1633458424 wrapping com.mysql.cj.jdbc.ConnectionImpl@539eac8b] will not be managed by Spring
==>  Preparing: SELECT * FROM system_config WHERE config_key = ?
==> Parameters: makeup_exam_score_entry_enabled(String)
<==    Columns: id, config_key, config_value, description
<==        Row: 3, makeup_exam_score_entry_enabled, true, null
<==      Total: 1
Closing non transactional SqlSession [org.apache.ibatis.session.defaults.DefaultSqlSession@6f9b7b7b]
<==    Columns: count(*)
<==        Row: 20
<==      Total: 1
Closing non transactional SqlSession [org.apache.ibatis.session.defaults.DefaultSqlSession@36de4e6]
Creating a new SqlSession
SqlSession [org.apache.ibatis.session.defaults.DefaultSqlSession@be0d536] was not registered for synchronization because synchronization is not active
JDBC Connection [HikariProxyConnection@1741052536 wrapping com.mysql.cj.jdbc.ConnectionImpl@73041b7d] will not be managed by Spring
==>  Preparing: select count(*) from course_evaluation
==> Parameters: 
<==    Columns: count(*)
<==        Row: 1
<==      Total: 1
Closing non transactional SqlSession [org.apache.ibatis.session.defaults.DefaultSqlSession@be0d536]
Creating a new SqlSession
SqlSession [org.apache.ibatis.session.defaults.DefaultSqlSession@41282d3e] was not registered for synchronization because synchronization is not active
JDBC Connection [HikariProxyConnection@1628857059 wrapping com.mysql.cj.jdbc.ConnectionImpl@73041b7d] will not be managed by Spring
==>  Preparing: select * from admin where username = ?
==> Parameters: admin(String)
<==    Columns: id, username, password, name, avatar, role
<==        Row: 1, admin, $2a$10$NphP06yi6MQGepjf8vT2RuPVl3uYpJwbtHq18VGDnY4p3x4Vs1fs., 管理员, http://116.62.162.156/api/files/download/1778637838755-0c6161536699d0b541430a88be9da3.jpg, ADMIN
<==      Total: 1
Closing non transactional SqlSession [org.apache.ibatis.session.defaults.DefaultSqlSession@41282d3e]
Creating a new SqlSession
SqlSession [org.apache.ibatis.session.defaults.DefaultSqlSession@2d46e8ca] was not registered for synchronization because synchronization is not active
JDBC Connection [HikariProxyConnection@755458433 wrapping com.mysql.cj.jdbc.ConnectionImpl@73041b7d] will not be managed by Spring
==>  Preparing: insert into activity_log (operate_time, operate_type, operate_user, description, user_type) values (?, ?, ?, ?, ?)
==> Parameters: 2026-05-14T13:02:21.197754196(LocalDateTime), 登录(String), admin(String), 管理员 admin 登录系统(String), ADMIN(String)
<==    Updates: 1
Closing non transactional SqlSession [org.apache.ibatis.session.defaults.DefaultSqlSession@2d46e8ca]
Creating a new SqlSession
SqlSession [org.apache.ibatis.session.defaults.DefaultSqlSession@71c60e68] was not registered for synchronization because synchronization is not active
JDBC Connection [HikariProxyConnection@96976353 wrapping com.mysql.cj.jdbc.ConnectionImpl@73041b7d] will not be managed by Spring
==>  Preparing: select count(*) from student
==> Parameters: 
<==    Columns: count(*)
<==        Row: 23
<==      Total: 1
Closing non transactional SqlSession [org.apache.ibatis.session.defaults.DefaultSqlSession@71c60e68]
Creating a new SqlSession
SqlSession [org.apache.ibatis.session.defaults.DefaultSqlSession@2b44342d] was not registered for synchronization because synchronization is not active
JDBC Connection [HikariProxyConnection@1781586531 wrapping com.mysql.cj.jdbc.ConnectionImpl@73041b7d] will not be managed by Spring
==>  Preparing: select count(*) from teacher
==> Parameters: 
<==    Columns: count(*)
<==        Row: 21
<==      Total: 1
Closing non transactional SqlSession [org.apache.ibatis.session.defaults.DefaultSqlSession@2b44342d]
Creating a new SqlSession
SqlSession [org.apache.ibatis.session.defaults.DefaultSqlSession@7d5eacd1] was not registered for synchronization because synchronization is not active
JDBC Connection [HikariProxyConnection@1999702539 wrapping com.mysql.cj.jdbc.ConnectionImpl@73041b7d] will not be managed by Spring
==>  Preparing: select count(*) from course
==> Parameters: 
Creating a new SqlSession
SqlSession [org.apache.ibatis.session.defaults.DefaultSqlSession@94890e9] was not registered for synchronization because synchronization is not active
Creating a new SqlSession
SqlSession [org.apache.ibatis.session.defaults.DefaultSqlSession@371ae340] was not registered for synchronization because synchronization is not active
Creating a new SqlSession
SqlSession [org.apache.ibatis.session.defaults.DefaultSqlSession@6a17e0bb] was not registered for synchronization because synchronization is not active
JDBC Connection [HikariProxyConnection@1335550496 wrapping com.mysql.cj.jdbc.ConnectionImpl@3b2cc444] will not be managed by Spring
==>  Preparing: select * from activity_log order by operate_time desc limit ?
==> Parameters: 10(Integer)
<==    Columns: id, operate_time, operate_type, operate_user, description, user_type
<==        Row: 231, 2026-05-14 13:02:21, 登录, admin, 管理员 admin 登录系统, ADMIN
<==        Row: 230, 2026-05-14 13:02:04, 登录, admin, 管理员 admin 登录系统, ADMIN
<==        Row: 229, 2026-05-14 12:42:36, 登录, admin, 管理员 admin 登录系统, ADMIN
<==        Row: 228, 2026-05-14 12:41:35, 登录, admin, 管理员 admin 登录系统, ADMIN
<==        Row: 227, 2026-05-14 12:40:38, 登录, admin, 管理员 admin 登录系统, ADMIN
<==        Row: 226, 2026-05-14 12:39:56, 登录, admin, 管理员 admin 登录系统, ADMIN
<==        Row: 225, 2026-05-14 12:21:45, 登录, admin, 管理员 admin 登录系统, ADMIN
<==        Row: 224, 2026-05-13 17:47:38, 登录, admin, 管理员 admin 登录系统, ADMIN
<==        Row: 223, 2026-05-13 16:25:03, 成绩, admin, 修改学生课程成绩, ADMIN
<==        Row: 222, 2026-05-13 16:24:42, 登录, T2024008, 教师 T2024008 登录系统, TEACHER
<==      Total: 10
Closing non transactional SqlSession [org.apache.ibatis.session.defaults.DefaultSqlSession@6a17e0bb]
JDBC Connection [HikariProxyConnection@126844848 wrapping com.mysql.cj.jdbc.ConnectionImpl@539eac8b] will not be managed by Spring
==>  Preparing: SELECT * FROM system_config WHERE config_key = ?
==> Parameters: teacher_score_entry_enabled(String)
JDBC Connection [HikariProxyConnection@104370790 wrapping com.mysql.cj.jdbc.ConnectionImpl@2766ca1] will not be managed by Spring
==>  Preparing: SELECT * FROM system_config WHERE config_key = ?
==> Parameters: course_selection_enabled(String)
<==    Columns: id, config_key, config_value, description
<==        Row: 2, teacher_score_entry_enabled, true, 教师录入成绩开关：true-开启，false-关闭
<==      Total: 1
Closing non transactional SqlSession [org.apache.ibatis.session.defaults.DefaultSqlSession@94890e9]
<==    Columns: id, config_key, config_value, description
<==        Row: 1, course_selection_enabled, true, 选课功能开关：true-开启，false-关闭
<==      Total: 1
Closing non transactional SqlSession [org.apache.ibatis.session.defaults.DefaultSqlSession@371ae340]
Creating a new SqlSession
SqlSession [org.apache.ibatis.session.defaults.DefaultSqlSession@206192c3] was not registered for synchronization because synchronization is not active
JDBC Connection [HikariProxyConnection@336950551 wrapping com.mysql.cj.jdbc.ConnectionImpl@539eac8b] will not be managed by Spring
==>  Preparing: SELECT * FROM system_config WHERE config_key = ?
==> Parameters: makeup_exam_score_entry_enabled(String)
<==    Columns: id, config_key, config_value, description
<==        Row: 3, makeup_exam_score_entry_enabled, true, null
<==      Total: 1
Closing non transactional SqlSession [org.apache.ibatis.session.defaults.DefaultSqlSession@206192c3]
<==    Columns: count(*)
<==        Row: 20
<==      Total: 1
Closing non transactional SqlSession [org.apache.ibatis.session.defaults.DefaultSqlSession@7d5eacd1]
Creating a new SqlSession
SqlSession [org.apache.ibatis.session.defaults.DefaultSqlSession@4b1d0798] was not registered for synchronization because synchronization is not active
JDBC Connection [HikariProxyConnection@1127027214 wrapping com.mysql.cj.jdbc.ConnectionImpl@73041b7d] will not be managed by Spring
==>  Preparing: select count(*) from course_evaluation
==> Parameters: 
<==    Columns: count(*)
<==        Row: 1
<==      Total: 1
Closing non transactional SqlSession [org.apache.ibatis.session.defaults.DefaultSqlSession@4b1d0798]
Creating a new SqlSession
SqlSession [org.apache.ibatis.session.defaults.DefaultSqlSession@509fbd1f] was not registered for synchronization because synchronization is not active
Cache Hit Ratio [SQL_CACHE]: 0.0
JDBC Connection [HikariProxyConnection@310462798 wrapping com.mysql.cj.jdbc.ConnectionImpl@539eac8b] will not be managed by Spring
==>  Preparing: SELECT count(0) FROM student
==> Parameters: 
<==    Columns: count(0)
<==        Row: 23
<==      Total: 1
==>  Preparing: select * from student order by username asc LIMIT ?
==> Parameters: 10(Integer)
<==    Columns: id, username, password, name, avatar, age, gender, phone, profession, role, status, email
<==        Row: 14, 20230101001, $2a$10$M7q/t1UUPWuoAR.mVyFziObWlrHLGyLhADAf.6Tl5W5WYK9vmW9ie, 马欣怡, null, 21, 女, 13812340014, 计算机科学与技术, STUDENT, 1, maxy@sms.edu.cn
<==        Row: 15, 20230101002, $2a$10$bzrLK7rxDxA54fZyWYqwuufcs11PVH6ck50DU7tRDCnOtgil4u9vi, 朱俊豪, null, 21, 男, 13812340015, 计算机科学与技术, STUDENT, 1, zhujh@sms.edu.cn
<==        Row: 16, 20230102001, $2a$10$pZEQqr09zMHU89enVi4TeuMY43iOHMr/q/jsh5VUESwTH0j5.8p26, 胡夏沫, null, 21, 女, 13812340016, 软件工程, STUDENT, 1, huxm@sms.edu.cn
<==        Row: 17, 20230201001, $2a$10$P39PmdRQB5zK.R1W6j665.x/dGjMG1DtETDaJn0bKCpFfP6rHDRuW, 郭宇轩, null, 21, 男, 13812340017, 网络工程, STUDENT, 1, guoyx@sms.edu.cn
<==        Row: 18, 20230201002, $2a$10$GEVPwm6WFCEn/.LionTvlueOnt14ts0rD3xp1ze/JW/bfbopeVJQa, 梁雅静, null, 21, 女, 13812340018, 网络工程, STUDENT, 1, liangyj@sms.edu.cn
<==        Row: 19, 20230301001, $2a$10$kb6dEROAiR4FxHKLrdyqi.4Rtv/r2pFvrs3t3k.Tev5L5kvkQWg1i, 叶志豪, null, 21, 男, 13812340019, 信息安全, STUDENT, 1, yezh@sms.edu.cn
<==        Row: 20, 20230301002, $2a$10$RoQFYipAG5sp4o1le.Z7sO/ZPoWziUQxIeF1a9qfs0LLtx7fF75Wq, 冯雪琪, null, 21, 女, 13812340020, 信息安全, STUDENT, 1, fengxq@sms.edu.cn
<==        Row: 1, 20240101001, $2a$10$514uh55v.PK/ScFCseMb3OQoP5IZNugeQKgZrV2YJofID9bLlp5yi, 张梓萱, http://116.62.162.156/api/files/download/1778141169257-0ffe41d3320eacca9f07384404ea05.jpg, 20, 女, 13812340001, 计算机科学与技术, STUDENT, 1, zhangzx@sms.edu.cn
<==        Row: 2, 20240101002, $2a$10$Q5S.3VreObge8JMZeKWFgullDsb3INigkcCO1vs7xeBiEeePJ04uu, 李浩然, http://116.62.162.156/api/files/download/1778639286340-1a0adb0303523923678c7124890564.jpg, 19, 男, 13812340002, 计算机科学与技术, STUDENT, 1, lihr@sms.edu.cn
<==        Row: 3, 20240101003, $2a$10$ZHg6NaA54Tehed71d9bCEOu7naffTNOxsr9hI2mpRvet.Ir76Qcqq, 王思琪, null, 19, 女, 13812340003, 计算机科学与技术, STUDENT, 1, wangsq@sms.edu.cn
<==      Total: 10
Closing non transactional SqlSession [org.apache.ibatis.session.defaults.DefaultSqlSession@509fbd1f]
Creating a new SqlSession
SqlSession [org.apache.ibatis.session.defaults.DefaultSqlSession@11f43966] was not registered for synchronization because synchronization is not active
Cache Hit Ratio [SQL_CACHE]: 0.0
JDBC Connection [HikariProxyConnection@964393948 wrapping com.mysql.cj.jdbc.ConnectionImpl@73041b7d] will not be managed by Spring
==>  Preparing: SELECT count(0) FROM admin
==> Parameters: 
<==    Columns: count(0)
<==        Row: 1
<==      Total: 1
==>  Preparing: select * from admin order by id desc LIMIT ?
==> Parameters: 5(Integer)
<==    Columns: id, username, password, name, avatar, role
<==        Row: 1, admin, $2a$10$NphP06yi6MQGepjf8vT2RuPVl3uYpJwbtHq18VGDnY4p3x4Vs1fs., 管理员, http://116.62.162.156/api/files/download/1778637838755-0c6161536699d0b541430a88be9da3.jpg, ADMIN
<==      Total: 1
Closing non transactional SqlSession [org.apache.ibatis.session.defaults.DefaultSqlSession@11f43966]
Creating a new SqlSession
SqlSession [org.apache.ibatis.session.defaults.DefaultSqlSession@4e36e5d4] was not registered for synchronization because synchronization is not active
Cache Hit Ratio [SQL_CACHE]: 0.0
JDBC Connection [HikariProxyConnection@163352211 wrapping com.mysql.cj.jdbc.ConnectionImpl@73041b7d] will not be managed by Spring
==>  Preparing: SELECT count(0) FROM teacher
==> Parameters: 
<==    Columns: count(0)
<==        Row: 21
<==      Total: 1
==>  Preparing: select * from teacher order by username asc LIMIT ?
==> Parameters: 10(Integer)
<==    Columns: id, username, password, name, avatar, gender, phone, role, status, email, makeup_exam_permission
<==        Row: 1, T2024001, $2a$10$H6v4NEbXjASRUTWXMfpc2uYR/euGyDsw3jPnFgtY3Cw8FA5GTWC7y, 张明, http://116.62.162.156/api/files/download/1778641252306-1aa5e35fdba1725f012ec8357f880a.jpg, 男, 13912341001, TEACHER, 1, zhangming@cs.edu.cn, 0
<==        Row: 2, T2024002, $2a$10$eeiPULc3FYqamJR5JuUOYecvqONoexJWHkXz/BjYF249rZJuV.qdi, 李华, null, 女, 13912341002, TEACHER, 1, lihua@cs.edu.cn, 0
<==        Row: 3, T2024003, $2a$10$kpgxjUQFFOnog/E7q/xZq.E0F0UkhACpQnz2GNShQ/0QET8stCqfO, 王强, null, 男, 13912341003, TEACHER, 1, wangqiang@cs.edu.cn, 0
<==        Row: 4, T2024004, $2a$10$9c7DOS0BZFJHzc093XUj1eqcZkgLjurt7OkBa6ReSL84rLt6U1ygm, 刘芳, null, 女, 13912341004, TEACHER, 1, liufang@cs.edu.cn, 1
<==        Row: 5, T2024005, $2a$10$IBxpV8MZLQhkzdfadbkSWu.lwwIPZzIGpQG5C4Iom8XESAamrvUEq, 陈明亮, null, 男, 13912341005, TEACHER, 1, chenmingliang@cs.edu.cn, 0
<==        Row: 6, T2024006, $2a$10$9aIcqNKrHJbh7gEdLMESNeQ4yRrqq8ulj6.NGSQzNsIGiXyglIxke, 赵小红, null, 女, 13912341006, TEACHER, 1, zhaoxiaohong@cs.edu.cn, 0
<==        Row: 7, T2024007, $2a$10$BWoh2FK6r4.cnNTK3QiTieJpZOWky49nuh9AbHPMSDuArNBSD0Ftu, 钱建国, null, 男, 13912341007, TEACHER, 1, qianjianguo@cs.edu.cn, 0
<==        Row: 8, T2024008, $2a$10$wxPJiYiiio8lWJk/k.hN5eNXx2dGXnapDud6bEQFaE0L6AyHAP006, 孙丽, null, 女, 13912341008, TEACHER, 1, sunli@cs.edu.cn, 0
<==        Row: 9, T2024009, $2a$10$gxsAid4lYgjJ1WyGYza2vOcJMI/EsneEUSQTMGXaXwUYp1LEwTeMq, 周建国, null, 男, 13912341009, TEACHER, 1, zhoujianguo@cs.edu.cn, 0
<==        Row: 10, T2024010, $2a$10$Jv6C3yzlgRTxzCMSLPJw5ecHDMn6Rp7sue5vCpn65ZJwzBz7zJuOq, 吴敏, null, 女, 13912341010, TEACHER, 1, wumin@cs.edu.cn, 0
<==      Total: 10
Closing non transactional SqlSession [org.apache.ibatis.session.defaults.DefaultSqlSession@4e36e5d4]
Creating a new SqlSession
SqlSession [org.apache.ibatis.session.defaults.DefaultSqlSession@7753c9fd] was not registered for synchronization because synchronization is not active
JDBC Connection [HikariProxyConnection@397620404 wrapping com.mysql.cj.jdbc.ConnectionImpl@2766ca1] will not be managed by Spring
==>  Preparing: select count(*) from student
==> Parameters: 
<==    Columns: count(*)
<==        Row: 23
<==      Total: 1
Closing non transactional SqlSession [org.apache.ibatis.session.defaults.DefaultSqlSession@7753c9fd]
Creating a new SqlSession
SqlSession [org.apache.ibatis.session.defaults.DefaultSqlSession@2e77b753] was not registered for synchronization because synchronization is not active
JDBC Connection [HikariProxyConnection@1191354177 wrapping com.mysql.cj.jdbc.ConnectionImpl@2766ca1] will not be managed by Spring
==>  Preparing: select count(*) from teacher
==> Parameters: 
Creating a new SqlSession
SqlSession [org.apache.ibatis.session.defaults.DefaultSqlSession@6c950d57] was not registered for synchronization because synchronization is not active
Creating a new SqlSession
SqlSession [org.apache.ibatis.session.defaults.DefaultSqlSession@7c38a4d8] was not registered for synchronization because synchronization is not active
Creating a new SqlSession
SqlSession [org.apache.ibatis.session.defaults.DefaultSqlSession@43d8ccda] was not registered for synchronization because synchronization is not active
JDBC Connection [HikariProxyConnection@1310521586 wrapping com.mysql.cj.jdbc.ConnectionImpl@3b2cc444] will not be managed by Spring
==>  Preparing: SELECT * FROM system_config WHERE config_key = ?
==> Parameters: teacher_score_entry_enabled(String)
JDBC Connection [HikariProxyConnection@2089214779 wrapping com.mysql.cj.jdbc.ConnectionImpl@73041b7d] will not be managed by Spring
==>  Preparing: select * from activity_log order by operate_time desc limit ?
==> Parameters: 10(Integer)
<==    Columns: id, config_key, config_value, description
<==        Row: 2, teacher_score_entry_enabled, true, 教师录入成绩开关：true-开启，false-关闭
<==      Total: 1
Closing non transactional SqlSession [org.apache.ibatis.session.defaults.DefaultSqlSession@43d8ccda]
Creating a new SqlSession
SqlSession [org.apache.ibatis.session.defaults.DefaultSqlSession@749f105a] was not registered for synchronization because synchronization is not active
JDBC Connection [HikariProxyConnection@1845868219 wrapping com.mysql.cj.jdbc.ConnectionImpl@3b2cc444] will not be managed by Spring
==>  Preparing: SELECT * FROM system_config WHERE config_key = ?
==> Parameters: makeup_exam_score_entry_enabled(String)
<==    Columns: id, operate_time, operate_type, operate_user, description, user_type
<==        Row: 231, 2026-05-14 13:02:21, 登录, admin, 管理员 admin 登录系统, ADMIN
<==        Row: 230, 2026-05-14 13:02:04, 登录, admin, 管理员 admin 登录系统, ADMIN
<==        Row: 229, 2026-05-14 12:42:36, 登录, admin, 管理员 admin 登录系统, ADMIN
<==        Row: 228, 2026-05-14 12:41:35, 登录, admin, 管理员 admin 登录系统, ADMIN
<==        Row: 227, 2026-05-14 12:40:38, 登录, admin, 管理员 admin 登录系统, ADMIN
<==        Row: 226, 2026-05-14 12:39:56, 登录, admin, 管理员 admin 登录系统, ADMIN
<==        Row: 225, 2026-05-14 12:21:45, 登录, admin, 管理员 admin 登录系统, ADMIN
<==        Row: 224, 2026-05-13 17:47:38, 登录, admin, 管理员 admin 登录系统, ADMIN
<==        Row: 223, 2026-05-13 16:25:03, 成绩, admin, 修改学生课程成绩, ADMIN
<==    Columns: count(*)
<==        Row: 21
<==      Total: 1
Closing non transactional SqlSession [org.apache.ibatis.session.defaults.DefaultSqlSession@2e77b753]
Creating a new SqlSession
SqlSession [org.apache.ibatis.session.defaults.DefaultSqlSession@4db8253b] was not registered for synchronization because synchronization is not active
JDBC Connection [HikariProxyConnection@1583795952 wrapping com.mysql.cj.jdbc.ConnectionImpl@2766ca1] will not be managed by Spring
==>  Preparing: select count(*) from course
==> Parameters: 
JDBC Connection [HikariProxyConnection@1078881676 wrapping com.mysql.cj.jdbc.ConnectionImpl@539eac8b] will not be managed by Spring
==>  Preparing: SELECT * FROM system_config WHERE config_key = ?
==> Parameters: course_selection_enabled(String)
<==    Columns: id, config_key, config_value, description
<==        Row: 1, course_selection_enabled, true, 选课功能开关：true-开启，false-关闭
<==      Total: 1
Closing non transactional SqlSession [org.apache.ibatis.session.defaults.DefaultSqlSession@6c950d57]
<==        Row: 222, 2026-05-13 16:24:42, 登录, T2024008, 教师 T2024008 登录系统, TEACHER
<==      Total: 10
Closing non transactional SqlSession [org.apache.ibatis.session.defaults.DefaultSqlSession@7c38a4d8]
<==    Columns: id, config_key, config_value, description
<==        Row: 3, makeup_exam_score_entry_enabled, true, null
<==      Total: 1
Closing non transactional SqlSession [org.apache.ibatis.session.defaults.DefaultSqlSession@749f105a]
<==    Columns: count(*)
<==        Row: 20
<==      Total: 1
Closing non transactional SqlSession [org.apache.ibatis.session.defaults.DefaultSqlSession@4db8253b]
Creating a new SqlSession
SqlSession [org.apache.ibatis.session.defaults.DefaultSqlSession@146200cf] was not registered for synchronization because synchronization is not active
JDBC Connection [HikariProxyConnection@411004549 wrapping com.mysql.cj.jdbc.ConnectionImpl@2766ca1] will not be managed by Spring
==>  Preparing: select count(*) from course_evaluation
==> Parameters: 
<==    Columns: count(*)
<==        Row: 1
<==      Total: 1
Closing non transactional SqlSession [org.apache.ibatis.session.defaults.DefaultSqlSession@146200cf]
Creating a new SqlSession
SqlSession [org.apache.ibatis.session.defaults.DefaultSqlSession@ce012ae] was not registered for synchronization because synchronization is not active
Cache Hit Ratio [SQL_CACHE]: 0.0
JDBC Connection [HikariProxyConnection@31629405 wrapping com.mysql.cj.jdbc.ConnectionImpl@73041b7d] will not be managed by Spring
==>  Preparing: SELECT count(0) FROM academic_year
==> Parameters: 
<==    Columns: count(0)
<==        Row: 3
<==      Total: 1
==>  Preparing: SELECT * FROM academic_year ORDER BY year DESC, semester DESC LIMIT ?
==> Parameters: 10(Integer)
<==    Columns: id, year, semester, start_date, end_date, selection_start, selection_end, status
<==        Row: 3, 2025-2026, 1, 2025-09-01, 2026-01-15, 2025-08-15 12:00:00, 2025-08-31 12:00:00, 0
<==        Row: 2, 2024-2025, 2, 2025-02-20, 2025-07-15, 2025-02-01 00:00:00, 2025-02-28 23:59:59, 0
<==        Row: 1, 2024-2025, 1, 2024-09-01, 2025-01-15, 2024-08-01 00:00:00, 2024-08-31 23:59:59, 2
<==      Total: 3
Closing non transactional SqlSession [org.apache.ibatis.session.defaults.DefaultSqlSession@ce012ae]
Creating a new SqlSession
SqlSession [org.apache.ibatis.session.defaults.DefaultSqlSession@1f2cc1b7] was not registered for synchronization because synchronization is not active
JDBC Connection [HikariProxyConnection@1056129516 wrapping com.mysql.cj.jdbc.ConnectionImpl@73041b7d] will not be managed by Spring
==>  Preparing: SELECT * FROM academic_year ORDER BY year DESC, semester DESC
==> Parameters: 
<==    Columns: id, year, semester, start_date, end_date, selection_start, selection_end, status
<==        Row: 3, 2025-2026, 1, 2025-09-01, 2026-01-15, 2025-08-15 12:00:00, 2025-08-31 12:00:00, 0
<==        Row: 2, 2024-2025, 2, 2025-02-20, 2025-07-15, 2025-02-01 00:00:00, 2025-02-28 23:59:59, 0
<==        Row: 1, 2024-2025, 1, 2024-09-01, 2025-01-15, 2024-08-01 00:00:00, 2024-08-31 23:59:59, 2
<==      Total: 3
Closing non transactional SqlSession [org.apache.ibatis.session.defaults.DefaultSqlSession@1f2cc1b7]
Creating a new SqlSession
SqlSession [org.apache.ibatis.session.defaults.DefaultSqlSession@26bd36a9] was not registered for synchronization because synchronization is not active
Cache Hit Ratio [SQL_CACHE]: 0.0
Creating a new SqlSession
SqlSession [org.apache.ibatis.session.defaults.DefaultSqlSession@4bc68b49] was not registered for synchronization because synchronization is not active
Cache Hit Ratio [SQL_CACHE]: 0.16666666666666666
JDBC Connection [HikariProxyConnection@493743644 wrapping com.mysql.cj.jdbc.ConnectionImpl@539eac8b] will not be managed by Spring
==>  Preparing: SELECT count(0) FROM course
==> Parameters: 
JDBC Connection [HikariProxyConnection@1697420401 wrapping com.mysql.cj.jdbc.ConnectionImpl@3b2cc444] will not be managed by Spring
==>  Preparing: SELECT count(0) FROM teacher
==> Parameters: 
<==    Columns: count(0)
<==        Row: 21
<==      Total: 1
==>  Preparing: select * from teacher order by username asc LIMIT ?
==> Parameters: 100(Integer)
<==    Columns: id, username, password, name, avatar, gender, phone, role, status, email, makeup_exam_permission
<==        Row: 1, T2024001, $2a$10$H6v4NEbXjASRUTWXMfpc2uYR/euGyDsw3jPnFgtY3Cw8FA5GTWC7y, 张明, http://116.62.162.156/api/files/download/1778641252306-1aa5e35fdba1725f012ec8357f880a.jpg, 男, 13912341001, TEACHER, 1, zhangming@cs.edu.cn, 0
<==        Row: 2, T2024002, $2a$10$eeiPULc3FYqamJR5JuUOYecvqONoexJWHkXz/BjYF249rZJuV.qdi, 李华, null, 女, 13912341002, TEACHER, 1, lihua@cs.edu.cn, 0
<==        Row: 3, T2024003, $2a$10$kpgxjUQFFOnog/E7q/xZq.E0F0UkhACpQnz2GNShQ/0QET8stCqfO, 王强, null, 男, 13912341003, TEACHER, 1, wangqiang@cs.edu.cn, 0
<==        Row: 4, T2024004, $2a$10$9c7DOS0BZFJHzc093XUj1eqcZkgLjurt7OkBa6ReSL84rLt6U1ygm, 刘芳, null, 女, 13912341004, TEACHER, 1, liufang@cs.edu.cn, 1
<==        Row: 5, T2024005, $2a$10$IBxpV8MZLQhkzdfadbkSWu.lwwIPZzIGpQG5C4Iom8XESAamrvUEq, 陈明亮, null, 男, 13912341005, TEACHER, 1, chenmingliang@cs.edu.cn, 0
<==        Row: 6, T2024006, $2a$10$9aIcqNKrHJbh7gEdLMESNeQ4yRrqq8ulj6.NGSQzNsIGiXyglIxke, 赵小红, null, 女, 13912341006, TEACHER, 1, zhaoxiaohong@cs.edu.cn, 0
<==        Row: 7, T2024007, $2a$10$BWoh2FK6r4.cnNTK3QiTieJpZOWky49nuh9AbHPMSDuArNBSD0Ftu, 钱建国, null, 男, 13912341007, TEACHER, 1, qianjianguo@cs.edu.cn, 0
<==        Row: 8, T2024008, $2a$10$wxPJiYiiio8lWJk/k.hN5eNXx2dGXnapDud6bEQFaE0L6AyHAP006, 孙丽, null, 女, 13912341008, TEACHER, 1, sunli@cs.edu.cn, 0
<==        Row: 9, T2024009, $2a$10$gxsAid4lYgjJ1WyGYza2vOcJMI/EsneEUSQTMGXaXwUYp1LEwTeMq, 周建国, null, 男, 13912341009, TEACHER, 1, zhoujianguo@cs.edu.cn, 0
<==        Row: 10, T2024010, $2a$10$Jv6C3yzlgRTxzCMSLPJw5ecHDMn6Rp7sue5vCpn65ZJwzBz7zJuOq, 吴敏, null, 女, 13912341010, TEACHER, 1, wumin@cs.edu.cn, 0
<==        Row: 11, T2024011, $2a$10$o0YiIZVbkrU3ImU.22c.f.BKzVbm7Ql81odEc0zpmngWZb1ULYooO, 郑华, null, 男, 13912341011, TEACHER, 1, zhenghua@cs.edu.cn, 0
<==        Row: 12, T2024012, $2a$10$HXrSaMjyUz2nbQaOE0.4N.gZNX1200/FwaBqSAxXuAMWfwomh4wAa, 黄丽, null, 女, 13912341012, TEACHER, 1, huangli@cs.edu.cn, 0
<==        Row: 13, T2024013, $2a$10$aRJXwpcFGNjwqyktkad6J.4gOfFbhGgr1PwvAQNMOZL2OGotNqLF., 马建国, null, 男, 13912341013, TEACHER, 1, majiguo@cs.edu.cn, 0
<==        Row: 14, T2024014, $2a$10$IpFhABoiRHObCQ/H0WI1dupzjGjUjV94Lok4rAsZTlN.qxbQI.FZG, 朱敏, null, 女, 13912341014, TEACHER, 1, zhumin@cs.edu.cn, 0
<==        Row: 15, T2024015, $2a$10$v3dOV4Bs/qfRirlHd5ijA.uzAC.Sna7II5hW0pGqoJcR./z2N2Hja, 胡华, null, 男, 13912341015, TEACHER, 1, huhua@cs.edu.cn, 0
<==        Row: 16, T2024016, $2a$10$x3Hh3nVtqimQZ0Bb3UwAb.Mk4YaLwv54nj1cr6w/iwdK7Mk/zBrmS, 林丽, null, 女, 13912341016, TEACHER, 1, linli@cs.edu.cn, 0
<==        Row: 17, T2024017, $2a$10$2dbvAtlAhESkQdhy3CVGO.aJj3xlORPlC1ZAJMyZZGfIf8AO2t2ya, 郭建国, null, 男, 13912341017, TEACHER, 1, guojianguo@cs.edu.cn, 0
<==        Row: 18, T2024018, $2a$10$FMHB5IS/ecDe9nFS4yVEc.3rDyxEJk6rDggQN7DAtmCsTh0byfl5u, 梁敏, null, 女, 13912341018, TEACHER, 1, liangmin@cs.edu.cn, 0
<==        Row: 19, T2024019, $2a$10$W56q0VLQHqhrbiZTrnvQUeWWIKS17k7KBNu592J58C/v2/pqBH7ju, 谢华, null, 男, 13912341019, TEACHER, 1, xiehua@cs.edu.cn, 0
<==        Row: 20, T2024020, $2a$10$WcpV9meuOwqUZVKOXrU9E.cw8Qh/hJsmRRC4MU2Hs6n5kpnTa0Yle, 宋丽, http://localhost:9090/files/download/1776844315693-0ff7e2e97b44d74ef25052bd7294fb.jpg, 女, 13912341020, TEACHER, 1, songli@cs.edu.cn, 0
<==        Row: 22, T2026001, $2a$10$g5lGOss72WFbFkRTiOzbSeo8KkojaCBA7FLKNcBpoo1cyvt4YaOx., 曾林森, http://116.62.162.156/api/files/download/1778642408250-1ff735e7cb25eaf98b4488af19c31f.jpg, 男, 13912341021, TEACHER, 1, null, 0
<==      Total: 21
Closing non transactional SqlSession [org.apache.ibatis.session.defaults.DefaultSqlSession@4bc68b49]
<==    Columns: count(0)
<==        Row: 20
<==      Total: 1
==>  Preparing: select * from course order by course_code asc LIMIT ?
==> Parameters: 100(Integer)
<==    Columns: id, course_name, course_code, credit, description
<==        Row: 1, C语言程序设计, CS101, 4, 本课程主要讲解C语言的基本语法、程序结构和编程方法，培养学生的编程思维和动手能力。
<==        Row: 2, 数据结构, CS102, 4, 本课程教授线性表、栈、队列、树、图等基本数据结构的原理和实现方法，以及常用排序和查找算法。
<==        Row: 5, 离散数学, CS103, 3, 本课程涵盖集合论、图论、数理逻辑、布尔代数等离散数学基础知识，为计算机专业学习奠定理论基础。
<==        Row: 11, 计算机组成原理, CS104, 4, 本课程介绍计算机硬件系统的组成结构、工作原理，包括数据的表示、运算器、存储器、指令系统等。
<==        Row: 12, Python程序设计, CS105, 3, 本课程教授Python语言的基础语法、数据类型、控制结构，以及NumPy、Pandas等数据科学库的实战应用。
<==        Row: 3, Java程序设计, CS201, 4, 本课程介绍Java语言的核心概念、面向对象编程思想和常用类库，培养学生开发桌面应用和Web应用的能力。
<==        Row: 4, 算法设计与分析, CS202, 3, 本课程讲解常用算法的设计策略、复杂度分析方法，以及动态规划、贪心算法、分治法等核心算法思想。
<==        Row: 6, 数据库原理与应用, CS203, 4, 本课程介绍关系型数据库的基本理论、SQL语言、数据库设计方法，以及MySQL等主流数据库的实际应用。
<==        Row: 7, 计算机网络, CS204, 3, 本课程讲解OSI参考模型、TCP/IP协议栈、网络编程基础知识，以及局域网和互联网技术的原理与应用。
<==        Row: 8, 操作系统, CS205, 4, 本课程介绍操作系统的基本概念、进程管理、内存管理、文件系统、设备管理等核心模块的原理与实现。
<==        Row: 9, 软件工程, CS301, 3, 本课程涵盖软件工程的生命周期模型、需求分析、设计模式、软件测试、项目管理等理论知识和实践方法。
<==        Row: 10, 编译原理, CS302, 3, 本课程讲解编译器的结构、各阶段工作原理，包括词法分析、语法分析、语义分析、代码生成与优化等。
<==        Row: 13, Web应用开发, CS303, 3, 本课程讲解HTML、CSS、JavaScript前端技术，以及Servlet、JSP、Ajax等Java Web开发的核心技术。
<==        Row: 16, 信息安全基础, CS303, 3, 本课程介绍网络安全、密码学基础、入侵检测、防火墙技术等信息安全领域的核心知识和防护策略。
<==        Row: 18, 计算机图形学, CS304, 3, 本课程涵盖图形学的基本算法、图形变换、渲染技术，以及OpenGL编程和三维图形的生成方法。
<==        Row: 19, 软件测试与质量保障, CS305, 2, 本课程介绍软件测试的基本方法、测试用例设计、自动化测试框架，以及软件质量评估体系。
<==        Row: 14, 人工智能导论, CS401, 3, 本课程介绍人工智能的基本概念、机器学习基础、神经网络原理，以及深度学习在图像和语音领域的应用。
<==        Row: 20, 课程设计, CS401, 4, 本课程是一门综合性实践课程，要求学生完成一个完整软件项目的需求分析、设计、编码和测试工作。
<==        Row: 15, 数据挖掘与分析, CS402, 3, 本课程涵盖数据预处理、分类算法、聚类分析、关联规则挖掘等数据科学方法，以及大数据处理技术。
<==        Row: 17, 云计算与大数据, CS403, 3, 本课程讲解云计算的架构与原理、Hadoop和Spark等大数据处理框架，以及分布式存储和计算技术。
<==      Total: 20
Closing non transactional SqlSession [org.apache.ibatis.session.defaults.DefaultSqlSession@26bd36a9]
Creating a new SqlSession
SqlSession [org.apache.ibatis.session.defaults.DefaultSqlSession@5e030f1c] was not registered for synchronization because synchronization is not active
Cache Hit Ratio [SQL_CACHE]: 0.14285714285714285
JDBC Connection [HikariProxyConnection@271311107 wrapping com.mysql.cj.jdbc.ConnectionImpl@73041b7d] will not be managed by Spring
==>  Preparing: SELECT count(0) FROM (SELECT tc.*, c.course_name, c.course_code, ay.year, ay.semester, (CASE WHEN ay.semester = 1 THEN CONCAT(ay.year, ' 第一学期') ELSE CONCAT(ay.year, ' 第二学期') END) AS academic_year_name FROM teaching_class tc LEFT JOIN course c ON tc.course_id = c.id LEFT JOIN academic_year ay ON tc.academic_year_id = ay.id WHERE tc.academic_year_id = ?) table_count
==> Parameters: 3(Integer)
<==    Columns: count(0)
<==        Row: 1
<==      Total: 1
==>  Preparing: SELECT tc.*, c.course_name, c.course_code, ay.year, ay.semester, (CASE WHEN ay.semester = 1 THEN CONCAT(ay.year, ' 第一学期') ELSE CONCAT(ay.year, ' 第二学期') END) as academic_year_name FROM teaching_class tc LEFT JOIN course c ON tc.course_id = c.id LEFT JOIN academic_year ay ON tc.academic_year_id = ay.id WHERE tc.academic_year_id = ? ORDER BY ay.year DESC, ay.semester, tc.class_code LIMIT ?
==> Parameters: 3(Integer), 10(Integer)
<==    Columns: id, class_code, course_id, academic_year_id, capacity, selected_count, location, status, day_of_week, period_start, period_end, teacher_id, teacher_name, course_name, course_code, year, semester, academic_year_name
<==        Row: 16, CS103-2025-1-01, 5, 3, 50, 1, E115, 1, 4, 3, 4, T2024008, 孙丽, 离散数学, CS103, 2025-2026, 1, 2025-2026 第一学期
<==      Total: 1
Closing non transactional SqlSession [org.apache.ibatis.session.defaults.DefaultSqlSession@5e030f1c]
Creating a new SqlSession
SqlSession [org.apache.ibatis.session.defaults.DefaultSqlSession@3ae33ff2] was not registered for synchronization because synchronization is not active
JDBC Connection [HikariProxyConnection@328305460 wrapping com.mysql.cj.jdbc.ConnectionImpl@3b2cc444] will not be managed by Spring
==>  Preparing: select * from student_course where teaching_class_id = ?
==> Parameters: 16(Integer)
<==    Columns: id, student_id, course_id, teaching_class_id, academic_year_id, score, teacher_id, teacher_name, status, is_makeup, original_score
<==        Row: 19, 20240101004, 5, 16, 3, 52.0, T2024008, 孙丽, 1, null, null
<==      Total: 1
Closing non transactional SqlSession [org.apache.ibatis.session.defaults.DefaultSqlSession@3ae33ff2]
Creating a new SqlSession
SqlSession [org.apache.ibatis.session.defaults.DefaultSqlSession@4400d16b] was not registered for synchronization because synchronization is not active
JDBC Connection [HikariProxyConnection@378211991 wrapping com.mysql.cj.jdbc.ConnectionImpl@539eac8b] will not be managed by Spring
==>  Preparing: select * from student where username in ( ? ) order by username asc
==> Parameters: 20240101004(String)
<==    Columns: id, username, password, name, avatar, age, gender, phone, profession, role, status, email
<==        Row: 24, 20240101004, $2a$10$/m9FjFiYHsow5LL3pNWVoelxlPyaQ.1Qc3/y0Gg4bo9TMJT2PZgKa, 张浩然, null, 19, 男, 13812340023, 计算机科学与技术, STUDENT, 1, null
<==      Total: 1
Closing non transactional SqlSession [org.apache.ibatis.session.defaults.DefaultSqlSession@4400d16b]
Creating a new SqlSession
Creating a new SqlSession
SqlSession [org.apache.ibatis.session.defaults.DefaultSqlSession@dd0e0f2] was not registered for synchronization because synchronization is not active
SqlSession [org.apache.ibatis.session.defaults.DefaultSqlSession@7df3f03e] was not registered for synchronization because synchronization is not active
Cache Hit Ratio [SQL_CACHE]: 0.25
JDBC Connection [HikariProxyConnection@1580061207 wrapping com.mysql.cj.jdbc.ConnectionImpl@73041b7d] will not be managed by Spring
==>  Preparing: SELECT count(0) FROM course
==> Parameters: 
JDBC Connection [HikariProxyConnection@1078470459 wrapping com.mysql.cj.jdbc.ConnectionImpl@3b2cc444] will not be managed by Spring
==>  Preparing: SELECT * FROM academic_year ORDER BY year DESC, semester DESC
==> Parameters: 
<==    Columns: id, year, semester, start_date, end_date, selection_start, selection_end, status
<==        Row: 3, 2025-2026, 1, 2025-09-01, 2026-01-15, 2025-08-15 12:00:00, 2025-08-31 12:00:00, 0
<==        Row: 2, 2024-2025, 2, 2025-02-20, 2025-07-15, 2025-02-01 00:00:00, 2025-02-28 23:59:59, 0
<==        Row: 1, 2024-2025, 1, 2024-09-01, 2025-01-15, 2024-08-01 00:00:00, 2024-08-31 23:59:59, 2
<==      Total: 3
Closing non transactional SqlSession [org.apache.ibatis.session.defaults.DefaultSqlSession@dd0e0f2]
Creating a new SqlSession
SqlSession [org.apache.ibatis.session.defaults.DefaultSqlSession@43b7d8f8] was not registered for synchronization because synchronization is not active
Cache Hit Ratio [SQL_CACHE]: 0.3333333333333333
JDBC Connection [HikariProxyConnection@682732683 wrapping com.mysql.cj.jdbc.ConnectionImpl@539eac8b] will not be managed by Spring
==>  Preparing: SELECT count(0) FROM teacher
==> Parameters: 
<==    Columns: count(0)
<==        Row: 21
<==      Total: 1
==>  Preparing: select * from teacher order by username asc LIMIT ?
==> Parameters: 100(Integer)
<==    Columns: id, username, password, name, avatar, gender, phone, role, status, email, makeup_exam_permission
<==        Row: 1, T2024001, $2a$10$H6v4NEbXjASRUTWXMfpc2uYR/euGyDsw3jPnFgtY3Cw8FA5GTWC7y, 张明, http://116.62.162.156/api/files/download/1778641252306-1aa5e35fdba1725f012ec8357f880a.jpg, 男, 13912341001, TEACHER, 1, zhangming@cs.edu.cn, 0
<==        Row: 2, T2024002, $2a$10$eeiPULc3FYqamJR5JuUOYecvqONoexJWHkXz/BjYF249rZJuV.qdi, 李华, null, 女, 13912341002, TEACHER, 1, lihua@cs.edu.cn, 0
<==        Row: 3, T2024003, $2a$10$kpgxjUQFFOnog/E7q/xZq.E0F0UkhACpQnz2GNShQ/0QET8stCqfO, 王强, null, 男, 13912341003, TEACHER, 1, wangqiang@cs.edu.cn, 0
<==        Row: 4, T2024004, $2a$10$9c7DOS0BZFJHzc093XUj1eqcZkgLjurt7OkBa6ReSL84rLt6U1ygm, 刘芳, null, 女, 13912341004, TEACHER, 1, liufang@cs.edu.cn, 1
<==        Row: 5, T2024005, $2a$10$IBxpV8MZLQhkzdfadbkSWu.lwwIPZzIGpQG5C4Iom8XESAamrvUEq, 陈明亮, null, 男, 13912341005, TEACHER, 1, chenmingliang@cs.edu.cn, 0
<==        Row: 6, T2024006, $2a$10$9aIcqNKrHJbh7gEdLMESNeQ4yRrqq8ulj6.NGSQzNsIGiXyglIxke, 赵小红, null, 女, 13912341006, TEACHER, 1, zhaoxiaohong@cs.edu.cn, 0
<==        Row: 7, T2024007, $2a$10$BWoh2FK6r4.cnNTK3QiTieJpZOWky49nuh9AbHPMSDuArNBSD0Ftu, 钱建国, null, 男, 13912341007, TEACHER, 1, qianjianguo@cs.edu.cn, 0
<==        Row: 8, T2024008, $2a$10$wxPJiYiiio8lWJk/k.hN5eNXx2dGXnapDud6bEQFaE0L6AyHAP006, 孙丽, null, 女, 13912341008, TEACHER, 1, sunli@cs.edu.cn, 0
<==        Row: 9, T2024009, $2a$10$gxsAid4lYgjJ1WyGYza2vOcJMI/EsneEUSQTMGXaXwUYp1LEwTeMq, 周建国, null, 男, 13912341009, TEACHER, 1, zhoujianguo@cs.edu.cn, 0
<==        Row: 10, T2024010, $2a$10$Jv6C3yzlgRTxzCMSLPJw5ecHDMn6Rp7sue5vCpn65ZJwzBz7zJuOq, 吴敏, null, 女, 13912341010, TEACHER, 1, wumin@cs.edu.cn, 0
<==        Row: 11, T2024011, $2a$10$o0YiIZVbkrU3ImU.22c.f.BKzVbm7Ql81odEc0zpmngWZb1ULYooO, 郑华, null, 男, 13912341011, TEACHER, 1, zhenghua@cs.edu.cn, 0
<==        Row: 12, T2024012, $2a$10$HXrSaMjyUz2nbQaOE0.4N.gZNX1200/FwaBqSAxXuAMWfwomh4wAa, 黄丽, null, 女, 13912341012, TEACHER, 1, huangli@cs.edu.cn, 0
<==        Row: 13, T2024013, $2a$10$aRJXwpcFGNjwqyktkad6J.4gOfFbhGgr1PwvAQNMOZL2OGotNqLF., 马建国, null, 男, 13912341013, TEACHER, 1, majiguo@cs.edu.cn, 0
<==        Row: 14, T2024014, $2a$10$IpFhABoiRHObCQ/H0WI1dupzjGjUjV94Lok4rAsZTlN.qxbQI.FZG, 朱敏, null, 女, 13912341014, TEACHER, 1, zhumin@cs.edu.cn, 0
<==        Row: 15, T2024015, $2a$10$v3dOV4Bs/qfRirlHd5ijA.uzAC.Sna7II5hW0pGqoJcR./z2N2Hja, 胡华, null, 男, 13912341015, TEACHER, 1, huhua@cs.edu.cn, 0
<==        Row: 16, T2024016, $2a$10$x3Hh3nVtqimQZ0Bb3UwAb.Mk4YaLwv54nj1cr6w/iwdK7Mk/zBrmS, 林丽, null, 女, 13912341016, TEACHER, 1, linli@cs.edu.cn, 0
<==        Row: 17, T2024017, $2a$10$2dbvAtlAhESkQdhy3CVGO.aJj3xlORPlC1ZAJMyZZGfIf8AO2t2ya, 郭建国, null, 男, 13912341017, TEACHER, 1, guojianguo@cs.edu.cn, 0
<==        Row: 18, T2024018, $2a$10$FMHB5IS/ecDe9nFS4yVEc.3rDyxEJk6rDggQN7DAtmCsTh0byfl5u, 梁敏, null, 女, 13912341018, TEACHER, 1, liangmin@cs.edu.cn, 0
<==        Row: 19, T2024019, $2a$10$W56q0VLQHqhrbiZTrnvQUeWWIKS17k7KBNu592J58C/v2/pqBH7ju, 谢华, null, 男, 13912341019, TEACHER, 1, xiehua@cs.edu.cn, 0
<==        Row: 20, T2024020, $2a$10$WcpV9meuOwqUZVKOXrU9E.cw8Qh/hJsmRRC4MU2Hs6n5kpnTa0Yle, 宋丽, http://localhost:9090/files/download/1776844315693-0ff7e2e97b44d74ef25052bd7294fb.jpg, 女, 13912341020, TEACHER, 1, songli@cs.edu.cn, 0
<==        Row: 22, T2026001, $2a$10$g5lGOss72WFbFkRTiOzbSeo8KkojaCBA7FLKNcBpoo1cyvt4YaOx., 曾林森, http://116.62.162.156/api/files/download/1778642408250-1ff735e7cb25eaf98b4488af19c31f.jpg, 男, 13912341021, TEACHER, 1, null, 0
<==      Total: 21
Closing non transactional SqlSession [org.apache.ibatis.session.defaults.DefaultSqlSession@43b7d8f8]
<==    Columns: count(0)
<==        Row: 20
<==      Total: 1
==>  Preparing: select * from course order by course_code asc LIMIT ?
==> Parameters: 100(Integer)
<==    Columns: id, course_name, course_code, credit, description
<==        Row: 1, C语言程序设计, CS101, 4, 本课程主要讲解C语言的基本语法、程序结构和编程方法，培养学生的编程思维和动手能力。
<==        Row: 2, 数据结构, CS102, 4, 本课程教授线性表、栈、队列、树、图等基本数据结构的原理和实现方法，以及常用排序和查找算法。
<==        Row: 5, 离散数学, CS103, 3, 本课程涵盖集合论、图论、数理逻辑、布尔代数等离散数学基础知识，为计算机专业学习奠定理论基础。
<==        Row: 11, 计算机组成原理, CS104, 4, 本课程介绍计算机硬件系统的组成结构、工作原理，包括数据的表示、运算器、存储器、指令系统等。
<==        Row: 12, Python程序设计, CS105, 3, 本课程教授Python语言的基础语法、数据类型、控制结构，以及NumPy、Pandas等数据科学库的实战应用。
<==        Row: 3, Java程序设计, CS201, 4, 本课程介绍Java语言的核心概念、面向对象编程思想和常用类库，培养学生开发桌面应用和Web应用的能力。
<==        Row: 4, 算法设计与分析, CS202, 3, 本课程讲解常用算法的设计策略、复杂度分析方法，以及动态规划、贪心算法、分治法等核心算法思想。
<==        Row: 6, 数据库原理与应用, CS203, 4, 本课程介绍关系型数据库的基本理论、SQL语言、数据库设计方法，以及MySQL等主流数据库的实际应用。
<==        Row: 7, 计算机网络, CS204, 3, 本课程讲解OSI参考模型、TCP/IP协议栈、网络编程基础知识，以及局域网和互联网技术的原理与应用。
<==        Row: 8, 操作系统, CS205, 4, 本课程介绍操作系统的基本概念、进程管理、内存管理、文件系统、设备管理等核心模块的原理与实现。
<==        Row: 9, 软件工程, CS301, 3, 本课程涵盖软件工程的生命周期模型、需求分析、设计模式、软件测试、项目管理等理论知识和实践方法。
<==        Row: 10, 编译原理, CS302, 3, 本课程讲解编译器的结构、各阶段工作原理，包括词法分析、语法分析、语义分析、代码生成与优化等。
<==        Row: 13, Web应用开发, CS303, 3, 本课程讲解HTML、CSS、JavaScript前端技术，以及Servlet、JSP、Ajax等Java Web开发的核心技术。
<==        Row: 16, 信息安全基础, CS303, 3, 本课程介绍网络安全、密码学基础、入侵检测、防火墙技术等信息安全领域的核心知识和防护策略。
<==        Row: 18, 计算机图形学, CS304, 3, 本课程涵盖图形学的基本算法、图形变换、渲染技术，以及OpenGL编程和三维图形的生成方法。
<==        Row: 19, 软件测试与质量保障, CS305, 2, 本课程介绍软件测试的基本方法、测试用例设计、自动化测试框架，以及软件质量评估体系。
<==        Row: 14, 人工智能导论, CS401, 3, 本课程介绍人工智能的基本概念、机器学习基础、神经网络原理，以及深度学习在图像和语音领域的应用。
<==        Row: 20, 课程设计, CS401, 4, 本课程是一门综合性实践课程，要求学生完成一个完整软件项目的需求分析、设计、编码和测试工作。
<==        Row: 15, 数据挖掘与分析, CS402, 3, 本课程涵盖数据预处理、分类算法、聚类分析、关联规则挖掘等数据科学方法，以及大数据处理技术。
<==        Row: 17, 云计算与大数据, CS403, 3, 本课程讲解云计算的架构与原理、Hadoop和Spark等大数据处理框架，以及分布式存储和计算技术。
<==      Total: 20
Closing non transactional SqlSession [org.apache.ibatis.session.defaults.DefaultSqlSession@7df3f03e]
Creating a new SqlSession
SqlSession [org.apache.ibatis.session.defaults.DefaultSqlSession@58272430] was not registered for synchronization because synchronization is not active
Cache Hit Ratio [SQL_CACHE]: 0.4
JDBC Connection [HikariProxyConnection@1386405978 wrapping com.mysql.cj.jdbc.ConnectionImpl@73041b7d] will not be managed by Spring
==>  Preparing: SELECT count(0) FROM student
==> Parameters: 
<==    Columns: count(0)
<==        Row: 23
<==      Total: 1
==>  Preparing: select * from student order by username asc LIMIT ?
==> Parameters: 10(Integer)
<==    Columns: id, username, password, name, avatar, age, gender, phone, profession, role, status, email
<==        Row: 14, 20230101001, $2a$10$M7q/t1UUPWuoAR.mVyFziObWlrHLGyLhADAf.6Tl5W5WYK9vmW9ie, 马欣怡, null, 21, 女, 13812340014, 计算机科学与技术, STUDENT, 1, maxy@sms.edu.cn
<==        Row: 15, 20230101002, $2a$10$bzrLK7rxDxA54fZyWYqwuufcs11PVH6ck50DU7tRDCnOtgil4u9vi, 朱俊豪, null, 21, 男, 13812340015, 计算机科学与技术, STUDENT, 1, zhujh@sms.edu.cn
<==        Row: 16, 20230102001, $2a$10$pZEQqr09zMHU89enVi4TeuMY43iOHMr/q/jsh5VUESwTH0j5.8p26, 胡夏沫, null, 21, 女, 13812340016, 软件工程, STUDENT, 1, huxm@sms.edu.cn
<==        Row: 17, 20230201001, $2a$10$P39PmdRQB5zK.R1W6j665.x/dGjMG1DtETDaJn0bKCpFfP6rHDRuW, 郭宇轩, null, 21, 男, 13812340017, 网络工程, STUDENT, 1, guoyx@sms.edu.cn
<==        Row: 18, 20230201002, $2a$10$GEVPwm6WFCEn/.LionTvlueOnt14ts0rD3xp1ze/JW/bfbopeVJQa, 梁雅静, null, 21, 女, 13812340018, 网络工程, STUDENT, 1, liangyj@sms.edu.cn
<==        Row: 19, 20230301001, $2a$10$kb6dEROAiR4FxHKLrdyqi.4Rtv/r2pFvrs3t3k.Tev5L5kvkQWg1i, 叶志豪, null, 21, 男, 13812340019, 信息安全, STUDENT, 1, yezh@sms.edu.cn
<==        Row: 20, 20230301002, $2a$10$RoQFYipAG5sp4o1le.Z7sO/ZPoWziUQxIeF1a9qfs0LLtx7fF75Wq, 冯雪琪, null, 21, 女, 13812340020, 信息安全, STUDENT, 1, fengxq@sms.edu.cn
<==        Row: 1, 20240101001, $2a$10$514uh55v.PK/ScFCseMb3OQoP5IZNugeQKgZrV2YJofID9bLlp5yi, 张梓萱, http://116.62.162.156/api/files/download/1778141169257-0ffe41d3320eacca9f07384404ea05.jpg, 20, 女, 13812340001, 计算机科学与技术, STUDENT, 1, zhangzx@sms.edu.cn
<==        Row: 2, 20240101002, $2a$10$Q5S.3VreObge8JMZeKWFgullDsb3INigkcCO1vs7xeBiEeePJ04uu, 李浩然, http://116.62.162.156/api/files/download/1778639286340-1a0adb0303523923678c7124890564.jpg, 19, 男, 13812340002, 计算机科学与技术, STUDENT, 1, lihr@sms.edu.cn
<==        Row: 3, 20240101003, $2a$10$ZHg6NaA54Tehed71d9bCEOu7naffTNOxsr9hI2mpRvet.Ir76Qcqq, 王思琪, null, 19, 女, 13812340003, 计算机科学与技术, STUDENT, 1, wangsq@sms.edu.cn
<==      Total: 10
Closing non transactional SqlSession [org.apache.ibatis.session.defaults.DefaultSqlSession@58272430]
Creating a new SqlSession
SqlSession [org.apache.ibatis.session.defaults.DefaultSqlSession@1af0d038] was not registered for synchronization because synchronization is not active
Cache Hit Ratio [SQL_CACHE]: 0.45454545454545453
JDBC Connection [HikariProxyConnection@1440246933 wrapping com.mysql.cj.jdbc.ConnectionImpl@73041b7d] will not be managed by Spring
==>  Preparing: SELECT count(0) FROM academic_year
==> Parameters: 
<==    Columns: count(0)
<==        Row: 3
<==      Total: 1
==>  Preparing: SELECT * FROM academic_year ORDER BY year DESC, semester DESC LIMIT ?
==> Parameters: 10(Integer)
<==    Columns: id, year, semester, start_date, end_date, selection_start, selection_end, status
<==        Row: 3, 2025-2026, 1, 2025-09-01, 2026-01-15, 2025-08-15 12:00:00, 2025-08-31 12:00:00, 0
<==        Row: 2, 2024-2025, 2, 2025-02-20, 2025-07-15, 2025-02-01 00:00:00, 2025-02-28 23:59:59, 0
<==        Row: 1, 2024-2025, 1, 2024-09-01, 2025-01-15, 2024-08-01 00:00:00, 2024-08-31 23:59:59, 2
<==      Total: 3
Closing non transactional SqlSession [org.apache.ibatis.session.defaults.DefaultSqlSession@1af0d038]
Creating a new SqlSession
SqlSession [org.apache.ibatis.session.defaults.DefaultSqlSession@27eea0f7] was not registered for synchronization because synchronization is not active
JDBC Connection [HikariProxyConnection@738163088 wrapping com.mysql.cj.jdbc.ConnectionImpl@3b2cc444] will not be managed by Spring
==>  Preparing: select * from admin where username = ?
==> Parameters: admin(String)
<==    Columns: id, username, password, name, avatar, role
<==        Row: 1, admin, $2a$10$NphP06yi6MQGepjf8vT2RuPVl3uYpJwbtHq18VGDnY4p3x4Vs1fs., 管理员, http://116.62.162.156/api/files/download/1778637838755-0c6161536699d0b541430a88be9da3.jpg, ADMIN
<==      Total: 1
Closing non transactional SqlSession [org.apache.ibatis.session.defaults.DefaultSqlSession@27eea0f7]
Creating a new SqlSession
SqlSession [org.apache.ibatis.session.defaults.DefaultSqlSession@5666bae9] was not registered for synchronization because synchronization is not active
JDBC Connection [HikariProxyConnection@81609162 wrapping com.mysql.cj.jdbc.ConnectionImpl@3b2cc444] will not be managed by Spring
==>  Preparing: insert into activity_log (operate_time, operate_type, operate_user, description, user_type) values (?, ?, ?, ?, ?)
==> Parameters: 2026-05-14T13:03:19.813989224(LocalDateTime), 登录(String), admin(String), 管理员 admin 登录系统(String), ADMIN(String)
<==    Updates: 1
Closing non transactional SqlSession [org.apache.ibatis.session.defaults.DefaultSqlSession@5666bae9]
Creating a new SqlSession
SqlSession [org.apache.ibatis.session.defaults.DefaultSqlSession@7ff8a895] was not registered for synchronization because synchronization is not active
JDBC Connection [HikariProxyConnection@1795952511 wrapping com.mysql.cj.jdbc.ConnectionImpl@73041b7d] will not be managed by Spring
==>  Preparing: select count(*) from student
==> Parameters: 
Creating a new SqlSession
SqlSession [org.apache.ibatis.session.defaults.DefaultSqlSession@7a7c44c0] was not registered for synchronization because synchronization is not active
JDBC Connection [HikariProxyConnection@1889664013 wrapping com.mysql.cj.jdbc.ConnectionImpl@3b2cc444] will not be managed by Spring
==>  Preparing: SELECT * FROM system_config WHERE config_key = ?
<==    Columns: count(*)
<==        Row: 23
==> Parameters: course_selection_enabled(String)
<==      Total: 1
Closing non transactional SqlSession [org.apache.ibatis.session.defaults.DefaultSqlSession@7ff8a895]
Creating a new SqlSession
SqlSession [org.apache.ibatis.session.defaults.DefaultSqlSession@639314df] was not registered for synchronization because synchronization is not active
JDBC Connection [HikariProxyConnection@1502983224 wrapping com.mysql.cj.jdbc.ConnectionImpl@73041b7d] will not be managed by Spring
==>  Preparing: select count(*) from teacher
==> Parameters: 
<==    Columns: count(*)
<==        Row: 21
<==      Total: 1
Closing non transactional SqlSession [org.apache.ibatis.session.defaults.DefaultSqlSession@639314df]
Creating a new SqlSession
SqlSession [org.apache.ibatis.session.defaults.DefaultSqlSession@3e378ec5] was not registered for synchronization because synchronization is not active
JDBC Connection [HikariProxyConnection@1165578288 wrapping com.mysql.cj.jdbc.ConnectionImpl@73041b7d] will not be managed by Spring
==>  Preparing: select count(*) from course
==> Parameters: 
<==    Columns: id, config_key, config_value, description
<==        Row: 1, course_selection_enabled, true, 选课功能开关：true-开启，false-关闭
Creating a new SqlSession
SqlSession [org.apache.ibatis.session.defaults.DefaultSqlSession@7365c5d6] was not registered for synchronization because synchronization is not active
<==      Total: 1
Closing non transactional SqlSession [org.apache.ibatis.session.defaults.DefaultSqlSession@7a7c44c0]
JDBC Connection [HikariProxyConnection@905993168 wrapping com.mysql.cj.jdbc.ConnectionImpl@539eac8b] will not be managed by Spring
==>  Preparing: select * from activity_log order by operate_time desc limit ?
==> Parameters: 10(Integer)
Creating a new SqlSession
SqlSession [org.apache.ibatis.session.defaults.DefaultSqlSession@6dac369d] was not registered for synchronization because synchronization is not active
JDBC Connection [HikariProxyConnection@1570892885 wrapping com.mysql.cj.jdbc.ConnectionImpl@2766ca1] will not be managed by Spring
==>  Preparing: SELECT * FROM system_config WHERE config_key = ?
==> Parameters: teacher_score_entry_enabled(String)
<==    Columns: id, operate_time, operate_type, operate_user, description, user_type
<==    Columns: id, config_key, config_value, description
<==        Row: 2, teacher_score_entry_enabled, true, 教师录入成绩开关：true-开启，false-关闭
<==      Total: 1
<==        Row: 232, 2026-05-14 13:03:20, 登录, admin, 管理员 admin 登录系统, ADMIN
Closing non transactional SqlSession [org.apache.ibatis.session.defaults.DefaultSqlSession@6dac369d]
<==        Row: 231, 2026-05-14 13:02:21, 登录, admin, 管理员 admin 登录系统, ADMIN
<==        Row: 230, 2026-05-14 13:02:04, 登录, admin, 管理员 admin 登录系统, ADMIN
<==        Row: 229, 2026-05-14 12:42:36, 登录, admin, 管理员 admin 登录系统, ADMIN
<==        Row: 228, 2026-05-14 12:41:35, 登录, admin, 管理员 admin 登录系统, ADMIN
<==        Row: 227, 2026-05-14 12:40:38, 登录, admin, 管理员 admin 登录系统, ADMIN
<==    Columns: count(*)
<==        Row: 20
<==      Total: 1
<==        Row: 226, 2026-05-14 12:39:56, 登录, admin, 管理员 admin 登录系统, ADMIN
Closing non transactional SqlSession [org.apache.ibatis.session.defaults.DefaultSqlSession@3e378ec5]
Creating a new SqlSession
SqlSession [org.apache.ibatis.session.defaults.DefaultSqlSession@2ab73449] was not registered for synchronization because synchronization is not active
JDBC Connection [HikariProxyConnection@678741628 wrapping com.mysql.cj.jdbc.ConnectionImpl@73041b7d] will not be managed by Spring
==>  Preparing: select count(*) from course_evaluation
==> Parameters: 
<==    Columns: count(*)
<==        Row: 1
<==      Total: 1
Closing non transactional SqlSession [org.apache.ibatis.session.defaults.DefaultSqlSession@2ab73449]
<==        Row: 225, 2026-05-14 12:21:45, 登录, admin, 管理员 admin 登录系统, ADMIN
<==        Row: 224, 2026-05-13 17:47:38, 登录, admin, 管理员 admin 登录系统, ADMIN
<==        Row: 223, 2026-05-13 16:25:03, 成绩, admin, 修改学生课程成绩, ADMIN
<==      Total: 10
Closing non transactional SqlSession [org.apache.ibatis.session.defaults.DefaultSqlSession@7365c5d6]
Creating a new SqlSession
SqlSession [org.apache.ibatis.session.defaults.DefaultSqlSession@3f0893ff] was not registered for synchronization because synchronization is not active
JDBC Connection [HikariProxyConnection@1231694990 wrapping com.mysql.cj.jdbc.ConnectionImpl@3b2cc444] will not be managed by Spring
==>  Preparing: SELECT * FROM system_config WHERE config_key = ?
==> Parameters: makeup_exam_score_entry_enabled(String)
<==    Columns: id, config_key, config_value, description
<==        Row: 3, makeup_exam_score_entry_enabled, true, null
<==      Total: 1
Closing non transactional SqlSession [org.apache.ibatis.session.defaults.DefaultSqlSession@3f0893ff]
Creating a new SqlSession
SqlSession [org.apache.ibatis.session.defaults.DefaultSqlSession@592efef7] was not registered for synchronization because synchronization is not active
Creating a new SqlSession
SqlSession [org.apache.ibatis.session.defaults.DefaultSqlSession@5a118264] was not registered for synchronization because synchronization is not active
JDBC Connection [HikariProxyConnection@1287385463 wrapping com.mysql.cj.jdbc.ConnectionImpl@73041b7d] will not be managed by Spring
==>  Preparing: select * from activity_log order by operate_time desc limit ?
==> Parameters: 10(Integer)
Creating a new SqlSession
SqlSession [org.apache.ibatis.session.defaults.DefaultSqlSession@a88799e] was not registered for synchronization because synchronization is not active
Creating a new SqlSession
SqlSession [org.apache.ibatis.session.defaults.DefaultSqlSession@67e32f3b] was not registered for synchronization because synchronization is not active
JDBC Connection [HikariProxyConnection@796412336 wrapping com.mysql.cj.jdbc.ConnectionImpl@539eac8b] will not be managed by Spring
==>  Preparing: SELECT * FROM system_config WHERE config_key = ?
JDBC Connection [HikariProxyConnection@2141273411 wrapping com.mysql.cj.jdbc.ConnectionImpl@2766ca1] will not be managed by Spring
==>  Preparing: SELECT * FROM system_config WHERE config_key = ?
==> Parameters: teacher_score_entry_enabled(String)
==> Parameters: course_selection_enabled(String)
<==    Columns: id, config_key, config_value, description
<==        Row: 2, teacher_score_entry_enabled, true, 教师录入成绩开关：true-开启，false-关闭
<==      Total: 1
<==    Columns: id, operate_time, operate_type, operate_user, description, user_type
Closing non transactional SqlSession [org.apache.ibatis.session.defaults.DefaultSqlSession@a88799e]
<==        Row: 232, 2026-05-14 13:03:20, 登录, admin, 管理员 admin 登录系统, ADMIN
<==        Row: 231, 2026-05-14 13:02:21, 登录, admin, 管理员 admin 登录系统, ADMIN
<==        Row: 230, 2026-05-14 13:02:04, 登录, admin, 管理员 admin 登录系统, ADMIN
<==        Row: 229, 2026-05-14 12:42:36, 登录, admin, 管理员 admin 登录系统, ADMIN
<==        Row: 228, 2026-05-14 12:41:35, 登录, admin, 管理员 admin 登录系统, ADMIN
<==        Row: 227, 2026-05-14 12:40:38, 登录, admin, 管理员 admin 登录系统, ADMIN
<==        Row: 226, 2026-05-14 12:39:56, 登录, admin, 管理员 admin 登录系统, ADMIN
<==        Row: 225, 2026-05-14 12:21:45, 登录, admin, 管理员 admin 登录系统, ADMIN
<==        Row: 224, 2026-05-13 17:47:38, 登录, admin, 管理员 admin 登录系统, ADMIN
<==        Row: 223, 2026-05-13 16:25:03, 成绩, admin, 修改学生课程成绩, ADMIN
<==      Total: 10
Closing non transactional SqlSession [org.apache.ibatis.session.defaults.DefaultSqlSession@5a118264]
JDBC Connection [HikariProxyConnection@989636297 wrapping com.mysql.cj.jdbc.ConnectionImpl@3b2cc444] will not be managed by Spring
==>  Preparing: select count(*) from student
==> Parameters: 
<==    Columns: id, config_key, config_value, description
<==        Row: 1, course_selection_enabled, true, 选课功能开关：true-开启，false-关闭
<==      Total: 1
<==    Columns: count(*)
<==        Row: 23
Closing non transactional SqlSession [org.apache.ibatis.session.defaults.DefaultSqlSession@67e32f3b]
<==      Total: 1
Closing non transactional SqlSession [org.apache.ibatis.session.defaults.DefaultSqlSession@592efef7]
Creating a new SqlSession
SqlSession [org.apache.ibatis.session.defaults.DefaultSqlSession@748655a6] was not registered for synchronization because synchronization is not active
JDBC Connection [HikariProxyConnection@1525793927 wrapping com.mysql.cj.jdbc.ConnectionImpl@3b2cc444] will not be managed by Spring
==>  Preparing: select count(*) from teacher
==> Parameters: 
<==    Columns: count(*)
<==        Row: 21
<==      Total: 1
Closing non transactional SqlSession [org.apache.ibatis.session.defaults.DefaultSqlSession@748655a6]
Creating a new SqlSession
SqlSession [org.apache.ibatis.session.defaults.DefaultSqlSession@5a60ab04] was not registered for synchronization because synchronization is not active
JDBC Connection [HikariProxyConnection@470679179 wrapping com.mysql.cj.jdbc.ConnectionImpl@3b2cc444] will not be managed by Spring
==>  Preparing: select count(*) from course
==> Parameters: 
Creating a new SqlSession
SqlSession [org.apache.ibatis.session.defaults.DefaultSqlSession@258851fa] was not registered for synchronization because synchronization is not active
JDBC Connection [HikariProxyConnection@698127112 wrapping com.mysql.cj.jdbc.ConnectionImpl@2766ca1] will not be managed by Spring
==>  Preparing: SELECT * FROM system_config WHERE config_key = ?
==> Parameters: makeup_exam_score_entry_enabled(String)
<==    Columns: id, config_key, config_value, description
<==        Row: 3, makeup_exam_score_entry_enabled, true, null
<==      Total: 1
Closing non transactional SqlSession [org.apache.ibatis.session.defaults.DefaultSqlSession@258851fa]
<==    Columns: count(*)
<==        Row: 20
<==      Total: 1
Closing non transactional SqlSession [org.apache.ibatis.session.defaults.DefaultSqlSession@5a60ab04]
Creating a new SqlSession
SqlSession [org.apache.ibatis.session.defaults.DefaultSqlSession@6a956d95] was not registered for synchronization because synchronization is not active
JDBC Connection [HikariProxyConnection@896717640 wrapping com.mysql.cj.jdbc.ConnectionImpl@3b2cc444] will not be managed by Spring
==>  Preparing: select count(*) from course_evaluation
==> Parameters: 
<==    Columns: count(*)
<==        Row: 1
<==      Total: 1
Closing non transactional SqlSession [org.apache.ibatis.session.defaults.DefaultSqlSession@6a956d95]
Creating a new SqlSession
SqlSession [org.apache.ibatis.session.defaults.DefaultSqlSession@5cc922d3] was not registered for synchronization because synchronization is not active
Cache Hit Ratio [SQL_CACHE]: 0.5
JDBC Connection [HikariProxyConnection@694043881 wrapping com.mysql.cj.jdbc.ConnectionImpl@539eac8b] will not be managed by Spring
==>  Preparing: SELECT count(0) FROM academic_year
==> Parameters: 
<==    Columns: count(0)
<==        Row: 3
<==      Total: 1
==>  Preparing: SELECT * FROM academic_year ORDER BY year DESC, semester DESC LIMIT ?
==> Parameters: 10(Integer)
<==    Columns: id, year, semester, start_date, end_date, selection_start, selection_end, status
<==        Row: 3, 2025-2026, 1, 2025-09-01, 2026-01-15, 2025-08-15 12:00:00, 2025-08-31 12:00:00, 0
<==        Row: 2, 2024-2025, 2, 2025-02-20, 2025-07-15, 2025-02-01 00:00:00, 2025-02-28 23:59:59, 0
<==        Row: 1, 2024-2025, 1, 2024-09-01, 2025-01-15, 2024-08-01 00:00:00, 2024-08-31 23:59:59, 2
<==      Total: 3
Closing non transactional SqlSession [org.apache.ibatis.session.defaults.DefaultSqlSession@5cc922d3]
Creating a new SqlSession
SqlSession [org.apache.ibatis.session.defaults.DefaultSqlSession@1f2977a3] was not registered for synchronization because synchronization is not active
Cache Hit Ratio [SQL_CACHE]: 0.5384615384615384
JDBC Connection [HikariProxyConnection@16507980 wrapping com.mysql.cj.jdbc.ConnectionImpl@3b2cc444] will not be managed by Spring
==>  Preparing: SELECT count(0) FROM admin
==> Parameters: 
<==    Columns: count(0)
<==        Row: 1
<==      Total: 1
==>  Preparing: select * from admin order by id desc LIMIT ?
==> Parameters: 5(Integer)
<==    Columns: id, username, password, name, avatar, role
<==        Row: 1, admin, $2a$10$NphP06yi6MQGepjf8vT2RuPVl3uYpJwbtHq18VGDnY4p3x4Vs1fs., 管理员, http://116.62.162.156/api/files/download/1778637838755-0c6161536699d0b541430a88be9da3.jpg, ADMIN
<==      Total: 1
Closing non transactional SqlSession [org.apache.ibatis.session.defaults.DefaultSqlSession@1f2977a3]
Creating a new SqlSession
SqlSession [org.apache.ibatis.session.defaults.DefaultSqlSession@2363e35c] was not registered for synchronization because synchronization is not active
JDBC Connection [HikariProxyConnection@803717285 wrapping com.mysql.cj.jdbc.ConnectionImpl@539eac8b] will not be managed by Spring
==>  Preparing: select count(*) from student
==> Parameters: 
<==    Columns: count(*)
<==        Row: 23
<==      Total: 1
Closing non transactional SqlSession [org.apache.ibatis.session.defaults.DefaultSqlSession@2363e35c]
Creating a new SqlSession
SqlSession [org.apache.ibatis.session.defaults.DefaultSqlSession@777ad32b] was not registered for synchronization because synchronization is not active
JDBC Connection [HikariProxyConnection@1262466971 wrapping com.mysql.cj.jdbc.ConnectionImpl@539eac8b] will not be managed by Spring
==>  Preparing: select count(*) from teacher
==> Parameters: 
<==    Columns: count(*)
<==        Row: 21
<==      Total: 1
Closing non transactional SqlSession [org.apache.ibatis.session.defaults.DefaultSqlSession@777ad32b]
Creating a new SqlSession
SqlSession [org.apache.ibatis.session.defaults.DefaultSqlSession@f2cc6dc] was not registered for synchronization because synchronization is not active
JDBC Connection [HikariProxyConnection@787394457 wrapping com.mysql.cj.jdbc.ConnectionImpl@539eac8b] will not be managed by Spring
==>  Preparing: select count(*) from course
==> Parameters: 
Creating a new SqlSession
SqlSession [org.apache.ibatis.session.defaults.DefaultSqlSession@10fcdc24] was not registered for synchronization because synchronization is not active
Creating a new SqlSession
SqlSession [org.apache.ibatis.session.defaults.DefaultSqlSession@416d7a64] was not registered for synchronization because synchronization is not active
Creating a new SqlSession
SqlSession [org.apache.ibatis.session.defaults.DefaultSqlSession@7ad2c474] was not registered for synchronization because synchronization is not active
JDBC Connection [HikariProxyConnection@345817740 wrapping com.mysql.cj.jdbc.ConnectionImpl@2766ca1] will not be managed by Spring
==>  Preparing: select * from activity_log order by operate_time desc limit ?
==> Parameters: 10(Integer)
<==    Columns: id, operate_time, operate_type, operate_user, description, user_type
<==        Row: 232, 2026-05-14 13:03:20, 登录, admin, 管理员 admin 登录系统, ADMIN
<==        Row: 231, 2026-05-14 13:02:21, 登录, admin, 管理员 admin 登录系统, ADMIN
<==        Row: 230, 2026-05-14 13:02:04, 登录, admin, 管理员 admin 登录系统, ADMIN
<==        Row: 229, 2026-05-14 12:42:36, 登录, admin, 管理员 admin 登录系统, ADMIN
<==        Row: 228, 2026-05-14 12:41:35, 登录, admin, 管理员 admin 登录系统, ADMIN
<==        Row: 227, 2026-05-14 12:40:38, 登录, admin, 管理员 admin 登录系统, ADMIN
<==        Row: 226, 2026-05-14 12:39:56, 登录, admin, 管理员 admin 登录系统, ADMIN
<==        Row: 225, 2026-05-14 12:21:45, 登录, admin, 管理员 admin 登录系统, ADMIN
<==        Row: 224, 2026-05-13 17:47:38, 登录, admin, 管理员 admin 登录系统, ADMIN
<==        Row: 223, 2026-05-13 16:25:03, 成绩, admin, 修改学生课程成绩, ADMIN
<==      Total: 10
Closing non transactional SqlSession [org.apache.ibatis.session.defaults.DefaultSqlSession@10fcdc24]
Creating a new SqlSession
SqlSession [org.apache.ibatis.session.defaults.DefaultSqlSession@36221694] was not registered for synchronization because synchronization is not active
JDBC Connection [HikariProxyConnection@1086972296 wrapping com.mysql.cj.jdbc.ConnectionImpl@2766ca1] will not be managed by Spring
==>  Preparing: SELECT * FROM system_config WHERE config_key = ?
==> Parameters: makeup_exam_score_entry_enabled(String)
JDBC Connection [HikariProxyConnection@70694626 wrapping com.mysql.cj.jdbc.ConnectionImpl@3b2cc444] will not be managed by Spring
==>  Preparing: SELECT * FROM system_config WHERE config_key = ?
==> Parameters: course_selection_enabled(String)
<==    Columns: id, config_key, config_value, description
<==        Row: 1, course_selection_enabled, true, 选课功能开关：true-开启，false-关闭
<==      Total: 1
Closing non transactional SqlSession [org.apache.ibatis.session.defaults.DefaultSqlSession@7ad2c474]
JDBC Connection [HikariProxyConnection@148946782 wrapping com.mysql.cj.jdbc.ConnectionImpl@73041b7d] will not be managed by Spring
==>  Preparing: SELECT * FROM system_config WHERE config_key = ?
==> Parameters: teacher_score_entry_enabled(String)
<==    Columns: id, config_key, config_value, description
<==        Row: 3, makeup_exam_score_entry_enabled, true, null
<==      Total: 1
Closing non transactional SqlSession [org.apache.ibatis.session.defaults.DefaultSqlSession@36221694]
<==    Columns: id, config_key, config_value, description
<==        Row: 2, teacher_score_entry_enabled, true, 教师录入成绩开关：true-开启，false-关闭
<==      Total: 1
Closing non transactional SqlSession [org.apache.ibatis.session.defaults.DefaultSqlSession@416d7a64]
<==    Columns: count(*)
<==        Row: 20
<==      Total: 1
Closing non transactional SqlSession [org.apache.ibatis.session.defaults.DefaultSqlSession@f2cc6dc]
Creating a new SqlSession
SqlSession [org.apache.ibatis.session.defaults.DefaultSqlSession@270d8026] was not registered for synchronization because synchronization is not active
JDBC Connection [HikariProxyConnection@1316923453 wrapping com.mysql.cj.jdbc.ConnectionImpl@539eac8b] will not be managed by Spring
==>  Preparing: select count(*) from course_evaluation
==> Parameters: 
<==    Columns: count(*)
<==        Row: 1
<==      Total: 1
Closing non transactional SqlSession [org.apache.ibatis.session.defaults.DefaultSqlSession@270d8026]
Creating a new SqlSession
SqlSession [org.apache.ibatis.session.defaults.DefaultSqlSession@68797139] was not registered for synchronization because synchronization is not active
JDBC Connection [HikariProxyConnection@692146278 wrapping com.mysql.cj.jdbc.ConnectionImpl@3b2cc444] will not be managed by Spring
==>  Preparing: select * from admin where username = ?
==> Parameters: admin(String)
<==    Columns: id, username, password, name, avatar, role
<==        Row: 1, admin, $2a$10$NphP06yi6MQGepjf8vT2RuPVl3uYpJwbtHq18VGDnY4p3x4Vs1fs., 管理员, http://116.62.162.156/api/files/download/1778637838755-0c6161536699d0b541430a88be9da3.jpg, ADMIN
<==      Total: 1
Closing non transactional SqlSession [org.apache.ibatis.session.defaults.DefaultSqlSession@68797139]
Creating a new SqlSession
SqlSession [org.apache.ibatis.session.defaults.DefaultSqlSession@8a643cd] was not registered for synchronization because synchronization is not active
JDBC Connection [HikariProxyConnection@729095001 wrapping com.mysql.cj.jdbc.ConnectionImpl@3b2cc444] will not be managed by Spring
==>  Preparing: update admin set username = ?, password = ?, name = ?, avatar = ?, role = ? where id = ?
==> Parameters: admin(String), $2a$10$aAtiO5cSTbbao35ZUHbjWe.sapld5Upc5wmLU268oLKLjVNM0mLnK(String), 管理员(String), http://116.62.162.156/api/files/download/1778637838755-0c6161536699d0b541430a88be9da3.jpg(String), ADMIN(String), 1(Integer)
<==    Updates: 1
Closing non transactional SqlSession [org.apache.ibatis.session.defaults.DefaultSqlSession@8a643cd]
Creating a new SqlSession
SqlSession [org.apache.ibatis.session.defaults.DefaultSqlSession@5331c530] was not registered for synchronization because synchronization is not active
JDBC Connection [HikariProxyConnection@1764969648 wrapping com.mysql.cj.jdbc.ConnectionImpl@3b2cc444] will not be managed by Spring
==>  Preparing: insert into activity_log (operate_time, operate_type, operate_user, description, user_type) values (?, ?, ?, ?, ?)
==> Parameters: 2026-05-14T13:03:59.935949566(LocalDateTime), 修改密码(String), admin(String), 用户 admin 修改密码，已清除登录状态(String), ADMIN(String)
<==    Updates: 1
Closing non transactional SqlSession [org.apache.ibatis.session.defaults.DefaultSqlSession@5331c530]
Creating a new SqlSession
SqlSession [org.apache.ibatis.session.defaults.DefaultSqlSession@571bfecc] was not registered for synchronization because synchronization is not active
JDBC Connection [HikariProxyConnection@484198585 wrapping com.mysql.cj.jdbc.ConnectionImpl@539eac8b] will not be managed by Spring
==>  Preparing: select * from admin where username = ?
==> Parameters: admin(String)
<==    Columns: id, username, password, name, avatar, role
<==        Row: 1, admin, $2a$10$aAtiO5cSTbbao35ZUHbjWe.sapld5Upc5wmLU268oLKLjVNM0mLnK, 管理员, http://116.62.162.156/api/files/download/1778637838755-0c6161536699d0b541430a88be9da3.jpg, ADMIN
<==      Total: 1
Closing non transactional SqlSession [org.apache.ibatis.session.defaults.DefaultSqlSession@571bfecc]
Creating a new SqlSession
SqlSession [org.apache.ibatis.session.defaults.DefaultSqlSession@860838c] was not registered for synchronization because synchronization is not active
JDBC Connection [HikariProxyConnection@385490 wrapping com.mysql.cj.jdbc.ConnectionImpl@539eac8b] will not be managed by Spring
==>  Preparing: insert into activity_log (operate_time, operate_type, operate_user, description, user_type) values (?, ?, ?, ?, ?)
==> Parameters: 2026-05-14T13:04:16.770200910(LocalDateTime), 登录(String), admin(String), 管理员 admin 登录系统(String), ADMIN(String)
<==    Updates: 1
Closing non transactional SqlSession [org.apache.ibatis.session.defaults.DefaultSqlSession@860838c]
Creating a new SqlSession
SqlSession [org.apache.ibatis.session.defaults.DefaultSqlSession@4747e15a] was not registered for synchronization because synchronization is not active
Creating a new SqlSession
SqlSession [org.apache.ibatis.session.defaults.DefaultSqlSession@5e050021] was not registered for synchronization because synchronization is not active
JDBC Connection [HikariProxyConnection@436384967 wrapping com.mysql.cj.jdbc.ConnectionImpl@3b2cc444] will not be managed by Spring
==>  Preparing: select * from activity_log order by operate_time desc limit ?
==> Parameters: 10(Integer)
<==    Columns: id, operate_time, operate_type, operate_user, description, user_type
<==        Row: 234, 2026-05-14 13:04:17, 登录, admin, 管理员 admin 登录系统, ADMIN
<==        Row: 233, 2026-05-14 13:04:00, 修改密码, admin, 用户 admin 修改密码，已清除登录状态, ADMIN
<==        Row: 232, 2026-05-14 13:03:20, 登录, admin, 管理员 admin 登录系统, ADMIN
<==        Row: 231, 2026-05-14 13:02:21, 登录, admin, 管理员 admin 登录系统, ADMIN
<==        Row: 230, 2026-05-14 13:02:04, 登录, admin, 管理员 admin 登录系统, ADMIN
<==        Row: 229, 2026-05-14 12:42:36, 登录, admin, 管理员 admin 登录系统, ADMIN
<==        Row: 228, 2026-05-14 12:41:35, 登录, admin, 管理员 admin 登录系统, ADMIN
<==        Row: 227, 2026-05-14 12:40:38, 登录, admin, 管理员 admin 登录系统, ADMIN
Creating a new SqlSession
SqlSession [org.apache.ibatis.session.defaults.DefaultSqlSession@50c086f4] was not registered for synchronization because synchronization is not active
JDBC Connection [HikariProxyConnection@191031561 wrapping com.mysql.cj.jdbc.ConnectionImpl@539eac8b] will not be managed by Spring
==>  Preparing: select count(*) from student
==> Parameters: 
<==        Row: 226, 2026-05-14 12:39:56, 登录, admin, 管理员 admin 登录系统, ADMIN
<==        Row: 225, 2026-05-14 12:21:45, 登录, admin, 管理员 admin 登录系统, ADMIN
<==      Total: 10
Closing non transactional SqlSession [org.apache.ibatis.session.defaults.DefaultSqlSession@4747e15a]
Creating a new SqlSession
SqlSession [org.apache.ibatis.session.defaults.DefaultSqlSession@26aa3c6d] was not registered for synchronization because synchronization is not active
JDBC Connection [HikariProxyConnection@2041345392 wrapping com.mysql.cj.jdbc.ConnectionImpl@3b2cc444] will not be managed by Spring
==>  Preparing: SELECT * FROM system_config WHERE config_key = ?
==> Parameters: course_selection_enabled(String)
Creating a new SqlSession
SqlSession [org.apache.ibatis.session.defaults.DefaultSqlSession@4af5f100] was not registered for synchronization because synchronization is not active
<==    Columns: count(*)
<==        Row: 23
<==      Total: 1
JDBC Connection [HikariProxyConnection@1292071636 wrapping com.mysql.cj.jdbc.ConnectionImpl@73041b7d] will not be managed by Spring
Closing non transactional SqlSession [org.apache.ibatis.session.defaults.DefaultSqlSession@50c086f4]
==>  Preparing: SELECT * FROM system_config WHERE config_key = ?
Creating a new SqlSession
SqlSession [org.apache.ibatis.session.defaults.DefaultSqlSession@612ee9c2] was not registered for synchronization because synchronization is not active
JDBC Connection [HikariProxyConnection@890057781 wrapping com.mysql.cj.jdbc.ConnectionImpl@539eac8b] will not be managed by Spring
==>  Preparing: select count(*) from teacher
==> Parameters: makeup_exam_score_entry_enabled(String)
==> Parameters: 
<==    Columns: id, config_key, config_value, description
<==        Row: 1, course_selection_enabled, true, 选课功能开关：true-开启，false-关闭
JDBC Connection [HikariProxyConnection@471947416 wrapping com.mysql.cj.jdbc.ConnectionImpl@2766ca1] will not be managed by Spring
<==      Total: 1
==>  Preparing: SELECT * FROM system_config WHERE config_key = ?
Closing non transactional SqlSession [org.apache.ibatis.session.defaults.DefaultSqlSession@26aa3c6d]
==> Parameters: teacher_score_entry_enabled(String)
<==    Columns: count(*)
<==        Row: 21
<==      Total: 1
Closing non transactional SqlSession [org.apache.ibatis.session.defaults.DefaultSqlSession@612ee9c2]
Creating a new SqlSession
SqlSession [org.apache.ibatis.session.defaults.DefaultSqlSession@1bc793e] was not registered for synchronization because synchronization is not active
JDBC Connection [HikariProxyConnection@399171634 wrapping com.mysql.cj.jdbc.ConnectionImpl@539eac8b] will not be managed by Spring
==>  Preparing: select count(*) from course
==> Parameters: 
<==    Columns: id, config_key, config_value, description
<==        Row: 3, makeup_exam_score_entry_enabled, true, null
<==      Total: 1
Closing non transactional SqlSession [org.apache.ibatis.session.defaults.DefaultSqlSession@5e050021]
<==    Columns: id, config_key, config_value, description
<==        Row: 2, teacher_score_entry_enabled, true, 教师录入成绩开关：true-开启，false-关闭
<==      Total: 1
Closing non transactional SqlSession [org.apache.ibatis.session.defaults.DefaultSqlSession@4af5f100]
<==    Columns: count(*)
<==        Row: 20
<==      Total: 1
Closing non transactional SqlSession [org.apache.ibatis.session.defaults.DefaultSqlSession@1bc793e]
Creating a new SqlSession
SqlSession [org.apache.ibatis.session.defaults.DefaultSqlSession@3fbcf060] was not registered for synchronization because synchronization is not active
JDBC Connection [HikariProxyConnection@1563106080 wrapping com.mysql.cj.jdbc.ConnectionImpl@539eac8b] will not be managed by Spring
==>  Preparing: select count(*) from course_evaluation
==> Parameters: 
<==    Columns: count(*)
<==        Row: 1
<==      Total: 1
Closing non transactional SqlSession [org.apache.ibatis.session.defaults.DefaultSqlSession@3fbcf060]
